<?xml version="1.0" encoding="UTF-8"?>
<robot generator="Robot 7.4.2 (Python 3.14.0 on win32)" generated="2026-07-30T17:30:09.932992" rpa="false" schemaversion="5">
<suite id="s1" name="Tests" source="C:\ProjetoQAmark85\projects\mark85-robot-express\tests">
<suite id="s1-s1" name="Login" source="C:\ProjetoQAmark85\projects\mark85-robot-express\tests\login.robot">
<test id="s1-s1-t1" name="Login com sucesso" line="10">
<kw name="Remove user from database" owner="database">
<msg time="2026-07-30T17:30:12.617201" level="INFO">removing user by jrobinho211@gmail.com: 1 removed</msg>
<arg>${email}</arg>
<status status="PASS" start="2026-07-30T17:30:12.237339" elapsed="0.379973"/>
</kw>
<kw name="Dado que eu ja tenha efetuado o cadastro" owner="login">
<kw name="New Browser" owner="Browser">
<msg time="2026-07-30T17:30:12.618968" level="INFO">{"browser": "chromium", "headless": false, "chromiumSandbox": false, "devtools": false, "handleSIGHUP": true, "handleSIGINT": true, "handleSIGTERM": true, "slowMo": 0.0, "timeout": 30000.0, "tracesDir": "C:\\ProjetoQAmark85\\projects\\mark85-robot-express\\logs\\browser\\traces\\temp\\e92a6720-888b-455e-bdeb-68486f9ca363"}</msg>
<msg time="2026-07-30T17:30:13.384451" level="INFO">Starting Browser process C:\Users\jrrob\AppData\Local\Programs\Python\Python314\Lib\site-packages\Browser\wrapper\index.js using at 127.0.0.1:52667</msg>
<msg time="2026-07-30T17:30:16.772285" level="INFO">Successfully created browser with options: {"browser":"chromium","headless":false,"chromiumSandbox":false,"devtools":false,"handleSIGHUP":true,"handleSIGINT":true,"handleSIGTERM":true,"slowMo":0,"timeout":30000,"tracesDir":"C:\\ProjetoQAmark85\\projects\\mark85-robot-express\\logs\\browser\\traces\\temp\\e92a6720-888b-455e-bdeb-68486f9ca363"}</msg>
<arg>browser=chromium</arg>
<arg>headless=False</arg>
<tag>BrowserControl</tag>
<tag>Setter</tag>
<doc>Create a new playwright Browser with specified options.</doc>
<status status="PASS" start="2026-07-30T17:30:12.618254" elapsed="4.154334"/>
</kw>
<kw name="New Page" owner="Browser">
<msg time="2026-07-30T17:30:18.619141" level="INFO">Successfully initialized new page object and opened url: http://localhost:3000</msg>
<msg time="2026-07-30T17:30:18.619256" level="INFO">No context was open. New context was automatically opened when this page is created.</msg>
<arg>http://localhost:3000</arg>
<tag>BrowserControl</tag>
<tag>Setter</tag>
<doc>Open a new Page.</doc>
<status status="PASS" start="2026-07-30T17:30:16.772940" elapsed="1.846526"/>
</kw>
<kw name="Go To" owner="Browser">
<msg time="2026-07-30T17:30:18.680554" level="INFO">Successfully opened URL http://localhost:3000/signup</msg>
<arg>http://localhost:3000/signup</arg>
<tag>BrowserControl</tag>
<tag>Setter</tag>
<doc>Navigates to the given ``url``.</doc>
<status status="PASS" start="2026-07-30T17:30:18.619820" elapsed="0.060957"/>
</kw>
<kw name="Wait For Elements State" owner="Browser">
<msg time="2026-07-30T17:30:18.717193" level="INFO">Waited for Element with selector css=h1 at state visible</msg>
<arg>css=h1</arg>
<arg>visible</arg>
<arg>5</arg>
<tag>PageContent</tag>
<tag>Wait</tag>
<doc>Waits for the element found by ``selector`` to satisfy state option.</doc>
<status status="PASS" start="2026-07-30T17:30:18.681002" elapsed="0.036374"/>
</kw>
<kw name="Get Text" owner="Browser">
<msg time="2026-07-30T17:30:18.749104" level="INFO">Text: ['Faça seu cadastro']</msg>
<arg>css=h1</arg>
<arg>equal</arg>
<arg>Faça seu cadastro</arg>
<tag>Assertion</tag>
<tag>Getter</tag>
<tag>PageContent</tag>
<doc>Returns text attribute of the element found by ``selector``.</doc>
<status status="PASS" start="2026-07-30T17:30:18.717584" elapsed="0.031630"/>
</kw>
<kw name="Fill Text" owner="Browser">
<msg time="2026-07-30T17:30:18.750054" level="INFO">Fills the text 'Robson Junior' in the given field.</msg>
<arg>id=name</arg>
<arg>${name}</arg>
<tag>PageContent</tag>
<tag>Setter</tag>
<doc>Clears and fills the given ``txt`` into the text field found by ``selector``.</doc>
<status status="PASS" start="2026-07-30T17:30:18.749408" elapsed="0.021185"/>
</kw>
<kw name="Fill Text" owner="Browser">
<msg time="2026-07-30T17:30:18.773688" level="INFO">Fills the text 'jrobinho211@gmail.com' in the given field.</msg>
<arg>id=email</arg>
<arg>${email}</arg>
<tag>PageContent</tag>
<tag>Setter</tag>
<doc>Clears and fills the given ``txt`` into the text field found by ``selector``.</doc>
<status status="PASS" start="2026-07-30T17:30:18.771301" elapsed="0.019708"/>
</kw>
<kw name="Fill Text" owner="Browser">
<msg time="2026-07-30T17:30:18.792178" level="INFO">Fills the text 'pw1234' in the given field.</msg>
<arg>id=password</arg>
<arg>${password}</arg>
<tag>PageContent</tag>
<tag>Setter</tag>
<doc>Clears and fills the given ``txt`` into the text field found by ``selector``.</doc>
<status status="PASS" start="2026-07-30T17:30:18.791223" elapsed="0.018833"/>
</kw>
<kw name="Click" owner="Browser">
<msg time="2026-07-30T17:30:18.811252" level="INFO">Clicks the element 'id=buttonSignup'.</msg>
<arg>id=buttonSignup</arg>
<tag>PageContent</tag>
<tag>Setter</tag>
<doc>Simulates mouse click on the element found by ``selector``.</doc>
<status status="PASS" start="2026-07-30T17:30:18.810281" elapsed="0.050385"/>
</kw>
<kw name="Wait For Elements State" owner="Browser">
<msg time="2026-07-30T17:30:19.075062" level="INFO">Waited for Element with selector css=.notice p at state visible</msg>
<arg>css=.notice p</arg>
<arg>visible</arg>
<arg>5</arg>
<tag>PageContent</tag>
<tag>Wait</tag>
<doc>Waits for the element found by ``selector`` to satisfy state option.</doc>
<status status="PASS" start="2026-07-30T17:30:18.860910" elapsed="0.214304"/>
</kw>
<kw name="Get Text" owner="Browser">
<msg time="2026-07-30T17:30:19.088722" level="INFO">Text: ['Boas vindas ao Mark85, o seu gerenciador de tarefas.']</msg>
<arg>css=.notice p</arg>
<arg>equal</arg>
<arg>Boas vindas ao Mark85, o seu gerenciador de tarefas.</arg>
<tag>Assertion</tag>
<tag>Getter</tag>
<tag>PageContent</tag>
<doc>Returns text attribute of the element found by ``selector``.</doc>
<status status="PASS" start="2026-07-30T17:30:19.075385" elapsed="0.013443"/>
</kw>
<status status="PASS" start="2026-07-30T17:30:12.617754" elapsed="6.471192"/>
</kw>
<kw name="E que volte para tela de login" owner="login">
<kw name="Click" owner="Browser">
<msg time="2026-07-30T17:30:19.090097" level="INFO">Clicks the element '.sc-fznKkj a'.</msg>
<arg>.sc-fznKkj a</arg>
<tag>PageContent</tag>
<tag>Setter</tag>
<doc>Simulates mouse click on the element found by ``selector``.</doc>
<status status="PASS" start="2026-07-30T17:30:19.089663" elapsed="0.049230"/>
</kw>
<status status="PASS" start="2026-07-30T17:30:19.089243" elapsed="0.049902"/>
</kw>
<kw name="E devo ver o um titulo Faça seu login" owner="login">
<kw name="Wait For Elements State" owner="Browser">
<msg time="2026-07-30T17:30:19.147478" level="INFO">Waited for Element with selector css=.sc-fzoLsD h1 at state visible</msg>
<arg>css=.sc-fzoLsD h1</arg>
<arg>visible</arg>
<arg>2</arg>
<tag>PageContent</tag>
<tag>Wait</tag>
<doc>Waits for the element found by ``selector`` to satisfy state option.</doc>
<status status="PASS" start="2026-07-30T17:30:19.140641" elapsed="0.007031"/>
</kw>
<kw name="Get Text" owner="Browser">
<msg time="2026-07-30T17:30:19.160229" level="INFO">Text: ['Faça seu login']</msg>
<arg>css=.sc-fzoLsD h1</arg>
<arg>equal</arg>
<arg>Faça seu login</arg>
<tag>Assertion</tag>
<tag>Getter</tag>
<tag>PageContent</tag>
<doc>Returns text attribute of the element found by ``selector``.</doc>
<status status="PASS" start="2026-07-30T17:30:19.147907" elapsed="0.012448"/>
</kw>
<status status="PASS" start="2026-07-30T17:30:19.139964" elapsed="0.020505"/>
</kw>
<kw name="Quando preencho os campos obrigatórios" owner="login">
<kw name="Fill Text" owner="Browser">
<msg time="2026-07-30T17:30:19.161731" level="INFO">Fills the text 'jrobinho211@gmail.com' in the given field.</msg>
<arg>id=email</arg>
<arg>${email}</arg>
<tag>PageContent</tag>
<tag>Setter</tag>
<doc>Clears and fills the given ``txt`` into the text field found by ``selector``.</doc>
<status status="PASS" start="2026-07-30T17:30:19.161223" elapsed="0.016410"/>
</kw>
<kw name="Fill Text" owner="Browser">
<msg time="2026-07-30T17:30:19.179288" level="INFO">Fills the text 'pw1234' in the given field.</msg>
<arg>id=password</arg>
<arg>${password}</arg>
<tag>PageContent</tag>
<tag>Setter</tag>
<doc>Clears and fills the given ``txt`` into the text field found by ``selector``.</doc>
<status status="PASS" start="2026-07-30T17:30:19.178053" elapsed="0.013718"/>
</kw>
<status status="PASS" start="2026-07-30T17:30:19.160797" elapsed="0.031096"/>
</kw>
<kw name="E clico no botao de login" owner="login">
<kw name="Click" owner="Browser">
<msg time="2026-07-30T17:30:19.194096" level="INFO">Clicks the element 'id=buttonLogin'.</msg>
<arg>id=buttonLogin</arg>
<tag>PageContent</tag>
<tag>Setter</tag>
<doc>Simulates mouse click on the element found by ``selector``.</doc>
<status status="PASS" start="2026-07-30T17:30:19.193055" elapsed="0.031135"/>
</kw>
<status status="PASS" start="2026-07-30T17:30:19.192229" elapsed="0.032091"/>
</kw>
<kw name="Entao devo ver a página de tarefas" owner="login">
<kw name="Wait For Elements State" owner="Browser">
<msg time="2026-07-30T17:30:19.323210" level="INFO">Waited for Element with selector css=.oops p at state visible</msg>
<arg>css=.oops p</arg>
<arg>visible</arg>
<arg>5</arg>
<tag>PageContent</tag>
<tag>Wait</tag>
<doc>Waits for the element found by ``selector`` to satisfy state option.</doc>
<status status="PASS" start="2026-07-30T17:30:19.225109" elapsed="0.098250"/>
</kw>
<kw name="Get Text" owner="Browser">
<msg time="2026-07-30T17:30:19.335076" level="INFO">Text: ['Nenhuma tarefa cadastrada']</msg>
<arg>css=.oops p</arg>
<arg>equal</arg>
<arg>Nenhuma tarefa cadastrada</arg>
<tag>Assertion</tag>
<tag>Getter</tag>
<tag>PageContent</tag>
<doc>Returns text attribute of the element found by ``selector``.</doc>
<status status="PASS" start="2026-07-30T17:30:19.323532" elapsed="0.011648"/>
</kw>
<status status="PASS" start="2026-07-30T17:30:19.224644" elapsed="0.110641"/>
</kw>
<msg time="2026-07-30T17:30:19.348566" level="INFO">Switching context to context=5050de5f-958d-4f71-8dc6-374c7bbcfb91 in CURRENT</msg>
<msg time="2026-07-30T17:30:19.354114" level="INFO">Successfully changed active context: context=5050de5f-958d-4f71-8dc6-374c7bbcfb91</msg>
<msg time="2026-07-30T17:30:19.382292" level="INFO">Successfully closed Context</msg>
<tag>login-success</tag>
<status status="PASS" start="2026-07-30T17:30:12.236104" elapsed="7.099432"/>
</test>
<test id="s1-s1-t2" name="Login com crendenciais inválidas" line="27">
<kw name="Remove user from database" owner="database">
<msg time="2026-07-30T17:30:19.431597" level="INFO">removing user by jrobinho211@gmail.com: 1 removed</msg>
<arg>${email}</arg>
<status status="PASS" start="2026-07-30T17:30:19.393362" elapsed="0.038356"/>
</kw>
<kw name="Dado que eu esteja Na página de login" owner="login">
<kw name="New Browser" owner="Browser">
<msg time="2026-07-30T17:30:19.433856" level="INFO">Switching browser to browser=fe88e5f0-2fe1-41cc-bd9e-a31a1f496a57</msg>
<msg time="2026-07-30T17:30:19.436910" level="INFO">Successfully changed active browser: browser=fe88e5f0-2fe1-41cc-bd9e-a31a1f496a57</msg>
<msg time="2026-07-30T17:30:19.437070" level="INFO">Reusing existing browser with id: browser=fe88e5f0-2fe1-41cc-bd9e-a31a1f496a57</msg>
<arg>browser=chromium</arg>
<arg>headless=False</arg>
<tag>BrowserControl</tag>
<tag>Setter</tag>
<doc>Create a new playwright Browser with specified options.</doc>
<status status="PASS" start="2026-07-30T17:30:19.433003" elapsed="0.004141"/>
</kw>
<kw name="New Page" owner="Browser">
<msg time="2026-07-30T17:30:21.208320" level="INFO">Successfully initialized new page object and opened url: http://localhost:3000</msg>
<msg time="2026-07-30T17:30:21.208393" level="INFO">No context was open. New context was automatically opened when this page is created.</msg>
<arg>http://localhost:3000</arg>
<tag>BrowserControl</tag>
<tag>Setter</tag>
<doc>Open a new Page.</doc>
<status status="PASS" start="2026-07-30T17:30:19.437359" elapsed="1.771152"/>
</kw>
<kw name="Go To" owner="Browser">
<msg time="2026-07-30T17:30:21.251001" level="INFO">Successfully opened URL http://localhost:3000</msg>
<arg>http://localhost:3000</arg>
<tag>BrowserControl</tag>
<tag>Setter</tag>
<doc>Navigates to the given ``url``.</doc>
<status status="PASS" start="2026-07-30T17:30:21.208673" elapsed="0.042487"/>
</kw>
<status status="PASS" start="2026-07-30T17:30:19.432251" elapsed="1.819015"/>
</kw>
<kw name="Quando preencho os campos email e senha com dados inválidos" owner="login">
<kw name="Fill Text" owner="Browser">
<msg time="2026-07-30T17:30:21.252800" level="INFO">Fills the text 'robsonlogin@gmail.com' in the given field.</msg>
<arg>id=email</arg>
<arg>robsonlogin@gmail.com</arg>
<tag>PageContent</tag>
<tag>Setter</tag>
<doc>Clears and fills the given ``txt`` into the text field found by ``selector``.</doc>
<status status="PASS" start="2026-07-30T17:30:21.252193" elapsed="0.044910"/>
</kw>
<kw name="Fill Text" owner="Browser">
<msg time="2026-07-30T17:30:21.298269" level="INFO">Fills the text 'pw1234' in the given field.</msg>
<arg>id=password</arg>
<arg>pw1234</arg>
<tag>PageContent</tag>
<tag>Setter</tag>
<doc>Clears and fills the given ``txt`` into the text field found by ``selector``.</doc>
<status status="PASS" start="2026-07-30T17:30:21.297431" elapsed="0.012761"/>
</kw>
<status status="PASS" start="2026-07-30T17:30:21.251615" elapsed="0.058702"/>
</kw>
<kw name="E clico no botao de login" owner="login">
<kw name="Click" owner="Browser">
<msg time="2026-07-30T17:30:21.312479" level="INFO">Clicks the element 'id=buttonLogin'.</msg>
<arg>id=buttonLogin</arg>
<tag>PageContent</tag>
<tag>Setter</tag>
<doc>Simulates mouse click on the element found by ``selector``.</doc>
<status status="PASS" start="2026-07-30T17:30:21.311189" elapsed="0.049382"/>
</kw>
<status status="PASS" start="2026-07-30T17:30:21.310617" elapsed="0.050071"/>
</kw>
<kw name="Entao devo ver uma mensagem de erro" owner="login">
<kw name="Wait For Elements State" owner="Browser">
<msg time="2026-07-30T17:30:21.406830" level="INFO">Waited for Element with selector css=.notice.error p at state visible</msg>
<arg>css=.notice.error p</arg>
<arg>visible</arg>
<arg>5</arg>
<tag>PageContent</tag>
<tag>Wait</tag>
<doc>Waits for the element found by ``selector`` to satisfy state option.</doc>
<status status="PASS" start="2026-07-30T17:30:21.361585" elapsed="0.045497"/>
</kw>
<kw name="Get Text" owner="Browser">
<msg time="2026-07-30T17:30:21.445319" level="INFO">Text: ['Ocorreu um erro ao fazer login, verifique suas credenciais.']</msg>
<arg>css=.notice.error p</arg>
<arg>equal</arg>
<arg>Ocorreu um erro ao fazer login, verifique suas credenciais.</arg>
<tag>Assertion</tag>
<tag>Getter</tag>
<tag>PageContent</tag>
<doc>Returns text attribute of the element found by ``selector``.</doc>
<status status="PASS" start="2026-07-30T17:30:21.407465" elapsed="0.037967"/>
</kw>
<status status="PASS" start="2026-07-30T17:30:21.360980" elapsed="0.084561"/>
</kw>
<msg time="2026-07-30T17:30:21.462516" level="INFO">Switching context to context=d1d6fdf0-2773-4576-85c0-c0a50f29f8aa in CURRENT</msg>
<msg time="2026-07-30T17:30:21.474064" level="INFO">Successfully changed active context: context=d1d6fdf0-2773-4576-85c0-c0a50f29f8aa</msg>
<msg time="2026-07-30T17:30:21.489415" level="INFO">Successfully closed Context</msg>
<tag>login-invalid</tag>
<status status="PASS" start="2026-07-30T17:30:19.384706" elapsed="2.061219"/>
</test>
<test id="s1-s1-t3" name="logout de cadastro" line="39">
<kw name="Remove user from database" owner="database">
<msg time="2026-07-30T17:30:21.531245" level="INFO">removing user by jrobinho211@gmail.com: 0 removed</msg>
<arg>${email}</arg>
<status status="PASS" start="2026-07-30T17:30:21.496100" elapsed="0.035373"/>
</kw>
<kw name="Dado que eu ja tenha efetuado o cadastro" owner="login">
<kw name="New Browser" owner="Browser">
<msg time="2026-07-30T17:30:21.535161" level="INFO">Switching browser to browser=fe88e5f0-2fe1-41cc-bd9e-a31a1f496a57</msg>
<msg time="2026-07-30T17:30:21.538553" level="INFO">Successfully changed active browser: browser=fe88e5f0-2fe1-41cc-bd9e-a31a1f496a57</msg>
<msg time="2026-07-30T17:30:21.538735" level="INFO">Reusing existing browser with id: browser=fe88e5f0-2fe1-41cc-bd9e-a31a1f496a57</msg>
<arg>browser=chromium</arg>
<arg>headless=False</arg>
<tag>BrowserControl</tag>
<tag>Setter</tag>
<doc>Create a new playwright Browser with specified options.</doc>
<status status="PASS" start="2026-07-30T17:30:21.533409" elapsed="0.005415"/>
</kw>
<kw name="New Page" owner="Browser">
<msg time="2026-07-30T17:30:23.270789" level="INFO">Successfully initialized new page object and opened url: http://localhost:3000</msg>
<msg time="2026-07-30T17:30:23.270866" level="INFO">No context was open. New context was automatically opened when this page is created.</msg>
<arg>http://localhost:3000</arg>
<tag>BrowserControl</tag>
<tag>Setter</tag>
<doc>Open a new Page.</doc>
<status status="PASS" start="2026-07-30T17:30:21.539126" elapsed="1.731870"/>
</kw>
<kw name="Go To" owner="Browser">
<msg time="2026-07-30T17:30:23.326443" level="INFO">Successfully opened URL http://localhost:3000/signup</msg>
<arg>http://localhost:3000/signup</arg>
<tag>BrowserControl</tag>
<tag>Setter</tag>
<doc>Navigates to the given ``url``.</doc>
<status status="PASS" start="2026-07-30T17:30:23.271171" elapsed="0.055440"/>
</kw>
<kw name="Wait For Elements State" owner="Browser">
<msg time="2026-07-30T17:30:23.353747" level="INFO">Waited for Element with selector css=h1 at state visible</msg>
<arg>css=h1</arg>
<arg>visible</arg>
<arg>5</arg>
<tag>PageContent</tag>
<tag>Wait</tag>
<doc>Waits for the element found by ``selector`` to satisfy state option.</doc>
<status status="PASS" start="2026-07-30T17:30:23.326839" elapsed="0.027061"/>
</kw>
<kw name="Get Text" owner="Browser">
<msg time="2026-07-30T17:30:23.377901" level="INFO">Text: ['Faça seu cadastro']</msg>
<arg>css=h1</arg>
<arg>equal</arg>
<arg>Faça seu cadastro</arg>
<tag>Assertion</tag>
<tag>Getter</tag>
<tag>PageContent</tag>
<doc>Returns text attribute of the element found by ``selector``.</doc>
<status status="PASS" start="2026-07-30T17:30:23.354068" elapsed="0.023943"/>
</kw>
<kw name="Fill Text" owner="Browser">
<msg time="2026-07-30T17:30:23.378772" level="INFO">Fills the text 'Robson Junior' in the given field.</msg>
<arg>id=name</arg>
<arg>${name}</arg>
<tag>PageContent</tag>
<tag>Setter</tag>
<doc>Clears and fills the given ``txt`` into the text field found by ``selector``.</doc>
<status status="PASS" start="2026-07-30T17:30:23.378182" elapsed="0.018299"/>
</kw>
<kw name="Fill Text" owner="Browser">
<msg time="2026-07-30T17:30:23.398516" level="INFO">Fills the text 'jrobinho211@gmail.com' in the given field.</msg>
<arg>id=email</arg>
<arg>${email}</arg>
<tag>PageContent</tag>
<tag>Setter</tag>
<doc>Clears and fills the given ``txt`` into the text field found by ``selector``.</doc>
<status status="PASS" start="2026-07-30T17:30:23.396945" elapsed="0.019379"/>
</kw>
<kw name="Fill Text" owner="Browser">
<msg time="2026-07-30T17:30:23.418350" level="INFO">Fills the text 'pw1234' in the given field.</msg>
<arg>id=password</arg>
<arg>${password}</arg>
<tag>PageContent</tag>
<tag>Setter</tag>
<doc>Clears and fills the given ``txt`` into the text field found by ``selector``.</doc>
<status status="PASS" start="2026-07-30T17:30:23.416661" elapsed="0.013679"/>
</kw>
<kw name="Click" owner="Browser">
<msg time="2026-07-30T17:30:23.431375" level="INFO">Clicks the element 'id=buttonSignup'.</msg>
<arg>id=buttonSignup</arg>
<tag>PageContent</tag>
<tag>Setter</tag>
<doc>Simulates mouse click on the element found by ``selector``.</doc>
<status status="PASS" start="2026-07-30T17:30:23.430585" elapsed="0.047903"/>
</kw>
<kw name="Wait For Elements State" owner="Browser">
<msg time="2026-07-30T17:30:23.575535" level="INFO">Waited for Element with selector css=.notice p at state visible</msg>
<arg>css=.notice p</arg>
<arg>visible</arg>
<arg>5</arg>
<tag>PageContent</tag>
<tag>Wait</tag>
<doc>Waits for the element found by ``selector`` to satisfy state option.</doc>
<status status="PASS" start="2026-07-30T17:30:23.478823" elapsed="0.096987"/>
</kw>
<kw name="Get Text" owner="Browser">
<msg time="2026-07-30T17:30:23.592297" level="INFO">Text: ['Boas vindas ao Mark85, o seu gerenciador de tarefas.']</msg>
<arg>css=.notice p</arg>
<arg>equal</arg>
<arg>Boas vindas ao Mark85, o seu gerenciador de tarefas.</arg>
<tag>Assertion</tag>
<tag>Getter</tag>
<tag>PageContent</tag>
<doc>Returns text attribute of the element found by ``selector``.</doc>
<status status="PASS" start="2026-07-30T17:30:23.576062" elapsed="0.016350"/>
</kw>
<status status="PASS" start="2026-07-30T17:30:21.532403" elapsed="2.060114"/>
</kw>
<kw name="E que já tenha efeutuado o login" owner="login">
<kw name="Click" owner="Browser">
<msg time="2026-07-30T17:30:23.593747" level="INFO">Clicks the element '.sc-fznKkj a'.</msg>
<arg>.sc-fznKkj a</arg>
<tag>PageContent</tag>
<tag>Setter</tag>
<doc>Simulates mouse click on the element found by ``selector``.</doc>
<status status="PASS" start="2026-07-30T17:30:23.593312" elapsed="0.043518"/>
</kw>
<kw name="Fill Text" owner="Browser">
<msg time="2026-07-30T17:30:23.639351" level="INFO">Fills the text 'jrobinho211@gmail.com' in the given field.</msg>
<arg>id=email</arg>
<arg>${email}</arg>
<tag>PageContent</tag>
<tag>Setter</tag>
<doc>Clears and fills the given ``txt`` into the text field found by ``selector``.</doc>
<status status="PASS" start="2026-07-30T17:30:23.637718" elapsed="0.017014"/>
</kw>
<kw name="Fill Text" owner="Browser">
<msg time="2026-07-30T17:30:23.655846" level="INFO">Fills the text 'pw1234' in the given field.</msg>
<arg>id=password</arg>
<arg>${password}</arg>
<tag>PageContent</tag>
<tag>Setter</tag>
<doc>Clears and fills the given ``txt`` into the text field found by ``selector``.</doc>
<status status="PASS" start="2026-07-30T17:30:23.655010" elapsed="0.012260"/>
</kw>
<kw name="Click" owner="Browser">
<msg time="2026-07-30T17:30:23.668086" level="INFO">Clicks the element 'id=buttonLogin'.</msg>
<arg>id=buttonLogin</arg>
<tag>PageContent</tag>
<tag>Setter</tag>
<doc>Simulates mouse click on the element found by ``selector``.</doc>
<status status="PASS" start="2026-07-30T17:30:23.667480" elapsed="0.033961"/>
</kw>
<kw name="Wait For Elements State" owner="Browser">
<msg time="2026-07-30T17:30:23.805893" level="INFO">Waited for Element with selector css=.oops p at state visible</msg>
<arg>css=.oops p</arg>
<arg>visible</arg>
<arg>5</arg>
<tag>PageContent</tag>
<tag>Wait</tag>
<doc>Waits for the element found by ``selector`` to satisfy state option.</doc>
<status status="PASS" start="2026-07-30T17:30:23.701629" elapsed="0.104488"/>
</kw>
<kw name="Get Text" owner="Browser">
<msg time="2026-07-30T17:30:23.823428" level="INFO">Text: ['Nenhuma tarefa cadastrada']</msg>
<arg>css=.oops p</arg>
<arg>equal</arg>
<arg>Nenhuma tarefa cadastrada</arg>
<tag>Assertion</tag>
<tag>Getter</tag>
<tag>PageContent</tag>
<doc>Returns text attribute of the element found by ``selector``.</doc>
<status status="PASS" start="2026-07-30T17:30:23.806341" elapsed="0.017211"/>
</kw>
<status status="PASS" start="2026-07-30T17:30:23.592853" elapsed="0.230818"/>
</kw>
<kw name="Quando clico no botão de signout" owner="login">
<kw name="Click" owner="Browser">
<msg time="2026-07-30T17:30:23.825538" level="INFO">Clicks the element '.left button.signout'.</msg>
<arg>.left button.signout</arg>
<tag>PageContent</tag>
<tag>Setter</tag>
<doc>Simulates mouse click on the element found by ``selector``.</doc>
<status status="PASS" start="2026-07-30T17:30:23.824618" elapsed="0.035631"/>
</kw>
<status status="PASS" start="2026-07-30T17:30:23.823992" elapsed="0.036414"/>
</kw>
<kw name="Então devo ver a tela de login novamente" owner="login">
<kw name="Wait For Elements State" owner="Browser">
<msg time="2026-07-30T17:30:23.868390" level="INFO">Waited for Element with selector css=.sc-fzoLsD h1 at state visible</msg>
<arg>css=.sc-fzoLsD h1</arg>
<arg>visible</arg>
<arg>2</arg>
<tag>PageContent</tag>
<tag>Wait</tag>
<doc>Waits for the element found by ``selector`` to satisfy state option.</doc>
<status status="PASS" start="2026-07-30T17:30:23.861337" elapsed="0.007228"/>
</kw>
<kw name="Get Text" owner="Browser">
<msg time="2026-07-30T17:30:23.882175" level="INFO">Text: ['Faça seu login']</msg>
<arg>css=.sc-fzoLsD h1</arg>
<arg>equal</arg>
<arg>Faça seu login</arg>
<tag>Assertion</tag>
<tag>Getter</tag>
<tag>PageContent</tag>
<doc>Returns text attribute of the element found by ``selector``.</doc>
<status status="PASS" start="2026-07-30T17:30:23.868758" elapsed="0.013563"/>
</kw>
<status status="PASS" start="2026-07-30T17:30:23.860845" elapsed="0.021609"/>
</kw>
<msg time="2026-07-30T17:30:23.894813" level="INFO">Switching context to context=fe700744-5b7a-4e12-ae34-193f7cafa9e5 in CURRENT</msg>
<msg time="2026-07-30T17:30:23.902958" level="INFO">Successfully changed active context: context=fe700744-5b7a-4e12-ae34-193f7cafa9e5</msg>
<msg time="2026-07-30T17:30:23.926907" level="INFO">Successfully closed Context</msg>
<tag>logout-sucess</tag>
<status status="PASS" start="2026-07-30T17:30:21.490400" elapsed="2.392377"/>
</test>
<doc>online</doc>
<status status="PASS" start="2026-07-30T17:30:10.004130" elapsed="13.924164"/>
</suite>
<suite id="s1-s2" name="Signup" source="C:\ProjetoQAmark85\projects\mark85-robot-express\tests\signup.robot">
<test id="s1-s2-t1" name="Cadastro com sucesso" line="12">
<kw name="Remove user from database" owner="database">
<msg time="2026-07-30T17:30:24.009185" level="INFO">removing user by Jrobinho211@gmail.com: 1 removed</msg>
<arg>${email}</arg>
<status status="PASS" start="2026-07-30T17:30:23.971964" elapsed="0.037330"/>
</kw>
<kw name="Dado que estou na página de cadastro" owner="singup">
<kw name="New Browser" owner="Browser">
<msg time="2026-07-30T17:30:24.011418" level="INFO">Switching browser to browser=fe88e5f0-2fe1-41cc-bd9e-a31a1f496a57</msg>
<msg time="2026-07-30T17:30:24.013238" level="INFO">Successfully changed active browser: browser=fe88e5f0-2fe1-41cc-bd9e-a31a1f496a57</msg>
<msg time="2026-07-30T17:30:24.013367" level="INFO">Reusing existing browser with id: browser=fe88e5f0-2fe1-41cc-bd9e-a31a1f496a57</msg>
<arg>browser=chromium</arg>
<arg>headless=False</arg>
<tag>BrowserControl</tag>
<tag>Setter</tag>
<doc>Create a new playwright Browser with specified options.</doc>
<status status="PASS" start="2026-07-30T17:30:24.010533" elapsed="0.002892"/>
</kw>
<kw name="New Page" owner="Browser">
<msg time="2026-07-30T17:30:25.759694" level="INFO">Successfully initialized new page object and opened url: http://localhost:3000</msg>
<msg time="2026-07-30T17:30:25.759775" level="INFO">No context was open. New context was automatically opened when this page is created.</msg>
<arg>http://localhost:3000</arg>
<tag>BrowserControl</tag>
<tag>Setter</tag>
<doc>Open a new Page.</doc>
<status status="PASS" start="2026-07-30T17:30:24.013609" elapsed="1.746354"/>
</kw>
<kw name="Go To" owner="Browser">
<msg time="2026-07-30T17:30:25.806476" level="INFO">Successfully opened URL http://localhost:3000/signup</msg>
<arg>http://localhost:3000/signup</arg>
<tag>BrowserControl</tag>
<tag>Setter</tag>
<doc>Navigates to the given ``url``.</doc>
<status status="PASS" start="2026-07-30T17:30:25.760255" elapsed="0.046399"/>
</kw>
<kw name="Wait For Elements State" owner="Browser">
<msg time="2026-07-30T17:30:25.832467" level="INFO">Waited for Element with selector css=h1 at state visible</msg>
<arg>css=h1</arg>
<arg>visible</arg>
<arg>2</arg>
<tag>PageContent</tag>
<tag>Wait</tag>
<doc>Waits for the element found by ``selector`` to satisfy state option.</doc>
<status status="PASS" start="2026-07-30T17:30:25.806820" elapsed="0.026348"/>
</kw>
<kw name="Get Text" owner="Browser">
<msg time="2026-07-30T17:30:25.860910" level="INFO">Text: ['Faça seu cadastro']</msg>
<arg>css=h1</arg>
<arg>equal</arg>
<arg>Faça seu cadastro</arg>
<tag>Assertion</tag>
<tag>Getter</tag>
<tag>PageContent</tag>
<doc>Returns text attribute of the element found by ``selector``.</doc>
<status status="PASS" start="2026-07-30T17:30:25.833683" elapsed="0.027332"/>
</kw>
<status status="PASS" start="2026-07-30T17:30:24.009842" elapsed="1.851277"/>
</kw>
<kw name="Quando preencho os campos corretamente" owner="singup">
<kw name="Fill Text" owner="Browser">
<msg time="2026-07-30T17:30:25.862266" level="INFO">Fills the text 'Robson Junior' in the given field.</msg>
<arg>id=name</arg>
<arg>${name}</arg>
<tag>PageContent</tag>
<tag>Setter</tag>
<doc>Clears and fills the given ``txt`` into the text field found by ``selector``.</doc>
<status status="PASS" start="2026-07-30T17:30:25.861814" elapsed="0.017486"/>
</kw>
<kw name="Fill Text" owner="Browser">
<msg time="2026-07-30T17:30:25.880156" level="INFO">Fills the text 'Jrobinho211@gmail.com' in the given field.</msg>
<arg>id=email</arg>
<arg>${email}</arg>
<tag>PageContent</tag>
<tag>Setter</tag>
<doc>Clears and fills the given ``txt`` into the text field found by ``selector``.</doc>
<status status="PASS" start="2026-07-30T17:30:25.879516" elapsed="0.017526"/>
</kw>
<kw name="Fill Text" owner="Browser">
<msg time="2026-07-30T17:30:25.898447" level="INFO">Fills the text 'pw1234' in the given field.</msg>
<arg>id=password</arg>
<arg>${password}</arg>
<tag>PageContent</tag>
<tag>Setter</tag>
<doc>Clears and fills the given ``txt`` into the text field found by ``selector``.</doc>
<status status="PASS" start="2026-07-30T17:30:25.897333" elapsed="0.015016"/>
</kw>
<status status="PASS" start="2026-07-30T17:30:25.861399" elapsed="0.051072"/>
</kw>
<kw name="E clico no botão de cadastro" owner="singup">
<kw name="Click" owner="Browser">
<msg time="2026-07-30T17:30:25.913896" level="INFO">Clicks the element 'id=buttonSignup'.</msg>
<arg>id=buttonSignup</arg>
<tag>PageContent</tag>
<tag>Setter</tag>
<doc>Simulates mouse click on the element found by ``selector``.</doc>
<status status="PASS" start="2026-07-30T17:30:25.913310" elapsed="0.049485"/>
</kw>
<status status="PASS" start="2026-07-30T17:30:25.912808" elapsed="0.050191"/>
</kw>
<kw name="Devo ver mensagem de sucesso" owner="singup">
<kw name="Wait For Elements State" owner="Browser">
<msg time="2026-07-30T17:30:26.062467" level="INFO">Waited for Element with selector css=.notice p at state visible</msg>
<arg>css=.notice p</arg>
<arg>visible</arg>
<arg>2</arg>
<tag>PageContent</tag>
<tag>Wait</tag>
<doc>Waits for the element found by ``selector`` to satisfy state option.</doc>
<status status="PASS" start="2026-07-30T17:30:25.964637" elapsed="0.098112"/>
</kw>
<kw name="Get Text" owner="Browser">
<msg time="2026-07-30T17:30:26.078087" level="INFO">Text: ['Boas vindas ao Mark85, o seu gerenciador de tarefas.']</msg>
<arg>css=.notice p</arg>
<arg>equal</arg>
<arg>Boas vindas ao Mark85, o seu gerenciador de tarefas.</arg>
<tag>Assertion</tag>
<tag>Getter</tag>
<tag>PageContent</tag>
<doc>Returns text attribute of the element found by ``selector``.</doc>
<status status="PASS" start="2026-07-30T17:30:26.063033" elapsed="0.015162"/>
</kw>
<status status="PASS" start="2026-07-30T17:30:25.963950" elapsed="0.114346"/>
</kw>
<msg time="2026-07-30T17:30:26.088472" level="INFO">Switching context to context=3ea98120-9c88-45d3-8cbf-42f2ec39bc82 in CURRENT</msg>
<msg time="2026-07-30T17:30:26.097480" level="INFO">Successfully changed active context: context=3ea98120-9c88-45d3-8cbf-42f2ec39bc82</msg>
<msg time="2026-07-30T17:30:26.110876" level="INFO">Successfully closed Context</msg>
<tag>signup-success</tag>
<status status="PASS" start="2026-07-30T17:30:23.966060" elapsed="2.112468"/>
</test>
<test id="s1-s2-t2" name="Cadastro com usuario duplicado" line="26">
<kw name="Remove user from database" owner="database">
<msg time="2026-07-30T17:30:26.154939" level="INFO">removing user by Jrobinho211@gmail.com: 1 removed</msg>
<arg>${email}</arg>
<status status="PASS" start="2026-07-30T17:30:26.116616" elapsed="0.038436"/>
</kw>
<kw name="Insert user into database" owner="database">
<msg time="2026-07-30T17:30:26.195137" level="INFO">inserting user: Robson Junior | Jrobinho211@gmail.com</msg>
<arg>${name}</arg>
<arg>${email}</arg>
<arg>${password}</arg>
<status status="PASS" start="2026-07-30T17:30:26.155490" elapsed="0.039809"/>
</kw>
<kw name="Dado que estou na página de cadastro" owner="singup">
<kw name="New Browser" owner="Browser">
<msg time="2026-07-30T17:30:26.197597" level="INFO">Switching browser to browser=fe88e5f0-2fe1-41cc-bd9e-a31a1f496a57</msg>
<msg time="2026-07-30T17:30:26.199854" level="INFO">Successfully changed active browser: browser=fe88e5f0-2fe1-41cc-bd9e-a31a1f496a57</msg>
<msg time="2026-07-30T17:30:26.200054" level="INFO">Reusing existing browser with id: browser=fe88e5f0-2fe1-41cc-bd9e-a31a1f496a57</msg>
<arg>browser=chromium</arg>
<arg>headless=False</arg>
<tag>BrowserControl</tag>
<tag>Setter</tag>
<doc>Create a new playwright Browser with specified options.</doc>
<status status="PASS" start="2026-07-30T17:30:26.196594" elapsed="0.003571"/>
</kw>
<kw name="New Page" owner="Browser">
<msg time="2026-07-30T17:30:27.974347" level="INFO">Successfully initialized new page object and opened url: http://localhost:3000</msg>
<msg time="2026-07-30T17:30:27.974443" level="INFO">No context was open. New context was automatically opened when this page is created.</msg>
<arg>http://localhost:3000</arg>
<tag>BrowserControl</tag>
<tag>Setter</tag>
<doc>Open a new Page.</doc>
<status status="PASS" start="2026-07-30T17:30:26.200463" elapsed="1.774196"/>
</kw>
<kw name="Go To" owner="Browser">
<msg time="2026-07-30T17:30:28.021214" level="INFO">Successfully opened URL http://localhost:3000/signup</msg>
<arg>http://localhost:3000/signup</arg>
<tag>BrowserControl</tag>
<tag>Setter</tag>
<doc>Navigates to the given ``url``.</doc>
<status status="PASS" start="2026-07-30T17:30:27.974887" elapsed="0.046503"/>
</kw>
<kw name="Wait For Elements State" owner="Browser">
<msg time="2026-07-30T17:30:28.050732" level="INFO">Waited for Element with selector css=h1 at state visible</msg>
<arg>css=h1</arg>
<arg>visible</arg>
<arg>2</arg>
<tag>PageContent</tag>
<tag>Wait</tag>
<doc>Waits for the element found by ``selector`` to satisfy state option.</doc>
<status status="PASS" start="2026-07-30T17:30:28.021569" elapsed="0.029330"/>
</kw>
<kw name="Get Text" owner="Browser">
<msg time="2026-07-30T17:30:28.076215" level="INFO">Text: ['Faça seu cadastro']</msg>
<arg>css=h1</arg>
<arg>equal</arg>
<arg>Faça seu cadastro</arg>
<tag>Assertion</tag>
<tag>Getter</tag>
<tag>PageContent</tag>
<doc>Returns text attribute of the element found by ``selector``.</doc>
<status status="PASS" start="2026-07-30T17:30:28.051070" elapsed="0.025249"/>
</kw>
<status status="PASS" start="2026-07-30T17:30:26.195873" elapsed="1.880553"/>
</kw>
<kw name="Quando preencho os campos com dados ja cadastrados" owner="singup">
<kw name="Fill Text" owner="Browser">
<msg time="2026-07-30T17:30:28.078421" level="INFO">Fills the text 'Robson Junior' in the given field.</msg>
<arg>id=name</arg>
<arg>${name}</arg>
<tag>PageContent</tag>
<tag>Setter</tag>
<doc>Clears and fills the given ``txt`` into the text field found by ``selector``.</doc>
<status status="PASS" start="2026-07-30T17:30:28.077553" elapsed="0.017143"/>
</kw>
<kw name="Fill Text" owner="Browser">
<msg time="2026-07-30T17:30:28.096401" level="INFO">Fills the text 'Jrobinho211@gmail.com' in the given field.</msg>
<arg>id=email</arg>
<arg>${email}</arg>
<tag>PageContent</tag>
<tag>Setter</tag>
<doc>Clears and fills the given ``txt`` into the text field found by ``selector``.</doc>
<status status="PASS" start="2026-07-30T17:30:28.095091" elapsed="0.020073"/>
</kw>
<kw name="Fill Text" owner="Browser">
<msg time="2026-07-30T17:30:28.117246" level="INFO">Fills the text 'pw1234' in the given field.</msg>
<arg>id=password</arg>
<arg>${password}</arg>
<tag>PageContent</tag>
<tag>Setter</tag>
<doc>Clears and fills the given ``txt`` into the text field found by ``selector``.</doc>
<status status="PASS" start="2026-07-30T17:30:28.115519" elapsed="0.018083"/>
</kw>
<status status="PASS" start="2026-07-30T17:30:28.076838" elapsed="0.057033"/>
</kw>
<kw name="E clico no botão de cadastro" owner="singup">
<kw name="Click" owner="Browser">
<msg time="2026-07-30T17:30:28.137253" level="INFO">Clicks the element 'id=buttonSignup'.</msg>
<arg>id=buttonSignup</arg>
<tag>PageContent</tag>
<tag>Setter</tag>
<doc>Simulates mouse click on the element found by ``selector``.</doc>
<status status="PASS" start="2026-07-30T17:30:28.135293" elapsed="0.043890"/>
</kw>
<status status="PASS" start="2026-07-30T17:30:28.134366" elapsed="0.045095"/>
</kw>
<kw name="Devo ver mensagem de erro" owner="singup">
<kw name="Wait For Elements State" owner="Browser">
<msg time="2026-07-30T17:30:28.282721" level="INFO">Waited for Element with selector css=.notice.error p at state visible</msg>
<arg>css=.notice.error p</arg>
<arg>visible</arg>
<arg>2</arg>
<tag>PageContent</tag>
<tag>Wait</tag>
<doc>Waits for the element found by ``selector`` to satisfy state option.</doc>
<status status="PASS" start="2026-07-30T17:30:28.180421" elapsed="0.102545"/>
</kw>
<kw name="Get Text" owner="Browser">
<msg time="2026-07-30T17:30:28.295885" level="INFO">Text: ['Oops! Já existe uma conta com o e-mail informado.']</msg>
<arg>css=.notice.error p</arg>
<arg>equal</arg>
<arg>Oops! Já existe uma conta com o e-mail informado.</arg>
<tag>Assertion</tag>
<tag>Getter</tag>
<tag>PageContent</tag>
<doc>Returns text attribute of the element found by ``selector``.</doc>
<status status="PASS" start="2026-07-30T17:30:28.283169" elapsed="0.012821"/>
</kw>
<status status="PASS" start="2026-07-30T17:30:28.179843" elapsed="0.116251"/>
</kw>
<msg time="2026-07-30T17:30:28.306244" level="INFO">Switching context to context=d7fed709-3d9c-4c21-921e-3550c251c34f in CURRENT</msg>
<msg time="2026-07-30T17:30:28.314501" level="INFO">Successfully changed active context: context=d7fed709-3d9c-4c21-921e-3550c251c34f</msg>
<msg time="2026-07-30T17:30:28.330921" level="INFO">Successfully closed Context</msg>
<tag>dup</tag>
<status status="PASS" start="2026-07-30T17:30:26.111865" elapsed="2.184472"/>
</test>
<test id="s1-s2-t3" name="Cadastro com nome vazio" line="41">
<kw name="Remove user from database" owner="database">
<msg time="2026-07-30T17:30:28.374943" level="INFO">removing user by Jrobinho211@gmail.com: 1 removed</msg>
<arg>${email}</arg>
<status status="PASS" start="2026-07-30T17:30:28.338205" elapsed="0.036834"/>
</kw>
<kw name="Dado que estou na página de cadastro" owner="singup">
<kw name="New Browser" owner="Browser">
<msg time="2026-07-30T17:30:28.377979" level="INFO">Switching browser to browser=fe88e5f0-2fe1-41cc-bd9e-a31a1f496a57</msg>
<msg time="2026-07-30T17:30:28.380143" level="INFO">Successfully changed active browser: browser=fe88e5f0-2fe1-41cc-bd9e-a31a1f496a57</msg>
<msg time="2026-07-30T17:30:28.380302" level="INFO">Reusing existing browser with id: browser=fe88e5f0-2fe1-41cc-bd9e-a31a1f496a57</msg>
<arg>browser=chromium</arg>
<arg>headless=False</arg>
<tag>BrowserControl</tag>
<tag>Setter</tag>
<doc>Create a new playwright Browser with specified options.</doc>
<status status="PASS" start="2026-07-30T17:30:28.376630" elapsed="0.003742"/>
</kw>
<kw name="New Page" owner="Browser">
<msg time="2026-07-30T17:30:30.222314" level="INFO">Successfully initialized new page object and opened url: http://localhost:3000</msg>
<msg time="2026-07-30T17:30:30.222543" level="INFO">No context was open. New context was automatically opened when this page is created.</msg>
<arg>http://localhost:3000</arg>
<tag>BrowserControl</tag>
<tag>Setter</tag>
<doc>Open a new Page.</doc>
<status status="PASS" start="2026-07-30T17:30:28.380610" elapsed="1.842161"/>
</kw>
<kw name="Go To" owner="Browser">
<msg time="2026-07-30T17:30:30.281510" level="INFO">Successfully opened URL http://localhost:3000/signup</msg>
<arg>http://localhost:3000/signup</arg>
<tag>BrowserControl</tag>
<tag>Setter</tag>
<doc>Navigates to the given ``url``.</doc>
<status status="PASS" start="2026-07-30T17:30:30.223182" elapsed="0.058516"/>
</kw>
<kw name="Wait For Elements State" owner="Browser">
<msg time="2026-07-30T17:30:30.308094" level="INFO">Waited for Element with selector css=h1 at state visible</msg>
<arg>css=h1</arg>
<arg>visible</arg>
<arg>2</arg>
<tag>PageContent</tag>
<tag>Wait</tag>
<doc>Waits for the element found by ``selector`` to satisfy state option.</doc>
<status status="PASS" start="2026-07-30T17:30:30.281926" elapsed="0.026330"/>
</kw>
<kw name="Get Text" owner="Browser">
<msg time="2026-07-30T17:30:30.333722" level="INFO">Text: ['Faça seu cadastro']</msg>
<arg>css=h1</arg>
<arg>equal</arg>
<arg>Faça seu cadastro</arg>
<tag>Assertion</tag>
<tag>Getter</tag>
<tag>PageContent</tag>
<doc>Returns text attribute of the element found by ``selector``.</doc>
<status status="PASS" start="2026-07-30T17:30:30.308421" elapsed="0.025420"/>
</kw>
<status status="PASS" start="2026-07-30T17:30:28.375584" elapsed="1.958371"/>
</kw>
<kw name="Quando preencho os campo de Cadastro com nome vazio" owner="singup">
<kw name="Fill Text" owner="Browser">
<msg time="2026-07-30T17:30:30.335533" level="INFO">Fills the text '' in the given field.</msg>
<arg>id=name</arg>
<arg>${Empty}</arg>
<tag>PageContent</tag>
<tag>Setter</tag>
<doc>Clears and fills the given ``txt`` into the text field found by ``selector``.</doc>
<status status="PASS" start="2026-07-30T17:30:30.334742" elapsed="0.020963"/>
</kw>
<kw name="Fill Text" owner="Browser">
<msg time="2026-07-30T17:30:30.357826" level="INFO">Fills the text 'Jrobinho211@gmail.com' in the given field.</msg>
<arg>id=email</arg>
<arg>${email}</arg>
<tag>PageContent</tag>
<tag>Setter</tag>
<doc>Clears and fills the given ``txt`` into the text field found by ``selector``.</doc>
<status status="PASS" start="2026-07-30T17:30:30.356153" elapsed="0.019904"/>
</kw>
<kw name="Fill Text" owner="Browser">
<msg time="2026-07-30T17:30:30.376915" level="INFO">Fills the text 'pw1234' in the given field.</msg>
<arg>id=password</arg>
<arg>${password}</arg>
<tag>PageContent</tag>
<tag>Setter</tag>
<doc>Clears and fills the given ``txt`` into the text field found by ``selector``.</doc>
<status status="PASS" start="2026-07-30T17:30:30.376255" elapsed="0.017285"/>
</kw>
<status status="PASS" start="2026-07-30T17:30:30.334279" elapsed="0.059386"/>
</kw>
<kw name="E clico no botão de cadastro" owner="singup">
<kw name="Click" owner="Browser">
<msg time="2026-07-30T17:30:30.395332" level="INFO">Clicks the element 'id=buttonSignup'.</msg>
<arg>id=buttonSignup</arg>
<tag>PageContent</tag>
<tag>Setter</tag>
<doc>Simulates mouse click on the element found by ``selector``.</doc>
<status status="PASS" start="2026-07-30T17:30:30.394874" elapsed="0.046672"/>
</kw>
<status status="PASS" start="2026-07-30T17:30:30.394330" elapsed="0.047361"/>
</kw>
<kw name="Devo ver uma mensagem de erro no campo nome" owner="singup">
<kw name="Wait For Elements State" owner="Browser">
<msg time="2026-07-30T17:30:30.448670" level="INFO">Waited for Element with selector css=.alert small at state visible</msg>
<arg>css=.alert small</arg>
<arg>visible</arg>
<arg>2</arg>
<tag>PageContent</tag>
<tag>Wait</tag>
<doc>Waits for the element found by ``selector`` to satisfy state option.</doc>
<status status="PASS" start="2026-07-30T17:30:30.442359" elapsed="0.006462"/>
</kw>
<kw name="Get Text" owner="Browser">
<msg time="2026-07-30T17:30:30.469889" level="INFO">Text: ['Informe seu nome completo']</msg>
<arg>css=.alert small</arg>
<arg>equal</arg>
<arg>Informe seu nome completo</arg>
<tag>Assertion</tag>
<tag>Getter</tag>
<tag>PageContent</tag>
<doc>Returns text attribute of the element found by ``selector``.</doc>
<status status="PASS" start="2026-07-30T17:30:30.448983" elapsed="0.021011"/>
</kw>
<status status="PASS" start="2026-07-30T17:30:30.441961" elapsed="0.028134"/>
</kw>
<msg time="2026-07-30T17:30:30.482081" level="INFO">Switching context to context=848170ef-1d2c-44a5-aea0-45c38cc69263 in CURRENT</msg>
<msg time="2026-07-30T17:30:30.489866" level="INFO">Successfully changed active context: context=848170ef-1d2c-44a5-aea0-45c38cc69263</msg>
<msg time="2026-07-30T17:30:30.506696" level="INFO">Successfully closed Context</msg>
<tag>signup-empty-name</tag>
<status status="PASS" start="2026-07-30T17:30:28.331885" elapsed="2.138448"/>
</test>
<test id="s1-s2-t4" name="Cadastro com email vazio" line="54">
<kw name="Remove user from database" owner="database">
<msg time="2026-07-30T17:30:30.550051" level="INFO">removing user by Jrobinho211@gmail.com: 0 removed</msg>
<arg>${email}</arg>
<status status="PASS" start="2026-07-30T17:30:30.513218" elapsed="0.036965"/>
</kw>
<kw name="Dado que estou na página de cadastro" owner="singup">
<kw name="New Browser" owner="Browser">
<msg time="2026-07-30T17:30:30.552651" level="INFO">Switching browser to browser=fe88e5f0-2fe1-41cc-bd9e-a31a1f496a57</msg>
<msg time="2026-07-30T17:30:30.555482" level="INFO">Successfully changed active browser: browser=fe88e5f0-2fe1-41cc-bd9e-a31a1f496a57</msg>
<msg time="2026-07-30T17:30:30.555712" level="INFO">Reusing existing browser with id: browser=fe88e5f0-2fe1-41cc-bd9e-a31a1f496a57</msg>
<arg>browser=chromium</arg>
<arg>headless=False</arg>
<tag>BrowserControl</tag>
<tag>Setter</tag>
<doc>Create a new playwright Browser with specified options.</doc>
<status status="PASS" start="2026-07-30T17:30:30.551457" elapsed="0.004342"/>
</kw>
<kw name="New Page" owner="Browser">
<msg time="2026-07-30T17:30:32.305427" level="INFO">Successfully initialized new page object and opened url: http://localhost:3000</msg>
<msg time="2026-07-30T17:30:32.305505" level="INFO">No context was open. New context was automatically opened when this page is created.</msg>
<arg>http://localhost:3000</arg>
<tag>BrowserControl</tag>
<tag>Setter</tag>
<doc>Open a new Page.</doc>
<status status="PASS" start="2026-07-30T17:30:30.556048" elapsed="1.749620"/>
</kw>
<kw name="Go To" owner="Browser">
<msg time="2026-07-30T17:30:32.355422" level="INFO">Successfully opened URL http://localhost:3000/signup</msg>
<arg>http://localhost:3000/signup</arg>
<tag>BrowserControl</tag>
<tag>Setter</tag>
<doc>Navigates to the given ``url``.</doc>
<status status="PASS" start="2026-07-30T17:30:32.305846" elapsed="0.049750"/>
</kw>
<kw name="Wait For Elements State" owner="Browser">
<msg time="2026-07-30T17:30:32.383508" level="INFO">Waited for Element with selector css=h1 at state visible</msg>
<arg>css=h1</arg>
<arg>visible</arg>
<arg>2</arg>
<tag>PageContent</tag>
<tag>Wait</tag>
<doc>Waits for the element found by ``selector`` to satisfy state option.</doc>
<status status="PASS" start="2026-07-30T17:30:32.355802" elapsed="0.028080"/>
</kw>
<kw name="Get Text" owner="Browser">
<msg time="2026-07-30T17:30:32.407199" level="INFO">Text: ['Faça seu cadastro']</msg>
<arg>css=h1</arg>
<arg>equal</arg>
<arg>Faça seu cadastro</arg>
<tag>Assertion</tag>
<tag>Getter</tag>
<tag>PageContent</tag>
<doc>Returns text attribute of the element found by ``selector``.</doc>
<status status="PASS" start="2026-07-30T17:30:32.384114" elapsed="0.023271"/>
</kw>
<status status="PASS" start="2026-07-30T17:30:30.550744" elapsed="1.856863"/>
</kw>
<kw name="Quando preencho o campo de Cadastro com email vazio" owner="singup">
<kw name="Fill Text" owner="Browser">
<msg time="2026-07-30T17:30:32.409093" level="INFO">Fills the text 'Robson Junior' in the given field.</msg>
<arg>id=name</arg>
<arg>${name}</arg>
<tag>PageContent</tag>
<tag>Setter</tag>
<doc>Clears and fills the given ``txt`` into the text field found by ``selector``.</doc>
<status status="PASS" start="2026-07-30T17:30:32.408565" elapsed="0.022301"/>
</kw>
<kw name="Fill Text" owner="Browser">
<msg time="2026-07-30T17:30:32.433170" level="INFO">Fills the text '' in the given field.</msg>
<arg>id=email</arg>
<arg>${Empty}</arg>
<tag>PageContent</tag>
<tag>Setter</tag>
<doc>Clears and fills the given ``txt`` into the text field found by ``selector``.</doc>
<status status="PASS" start="2026-07-30T17:30:32.431275" elapsed="0.017941"/>
</kw>
<kw name="Fill Text" owner="Browser">
<msg time="2026-07-30T17:30:32.450905" level="INFO">Fills the text 'pw1234' in the given field.</msg>
<arg>id=password</arg>
<arg>${password}</arg>
<tag>PageContent</tag>
<tag>Setter</tag>
<doc>Clears and fills the given ``txt`` into the text field found by ``selector``.</doc>
<status status="PASS" start="2026-07-30T17:30:32.449556" elapsed="0.016808"/>
</kw>
<status status="PASS" start="2026-07-30T17:30:32.408074" elapsed="0.058444"/>
</kw>
<kw name="E clico no botão de cadastro" owner="singup">
<kw name="Click" owner="Browser">
<msg time="2026-07-30T17:30:32.468789" level="INFO">Clicks the element 'id=buttonSignup'.</msg>
<arg>id=buttonSignup</arg>
<tag>PageContent</tag>
<tag>Setter</tag>
<doc>Simulates mouse click on the element found by ``selector``.</doc>
<status status="PASS" start="2026-07-30T17:30:32.468061" elapsed="0.037182"/>
</kw>
<status status="PASS" start="2026-07-30T17:30:32.467071" elapsed="0.038294"/>
</kw>
<kw name="Devo ver uma mensagem de erro no campo email" owner="singup">
<kw name="Wait For Elements State" owner="Browser">
<msg time="2026-07-30T17:30:32.514654" level="INFO">Waited for Element with selector css=.alert small at state visible</msg>
<arg>css=.alert small</arg>
<arg>visible</arg>
<arg>2</arg>
<tag>PageContent</tag>
<tag>Wait</tag>
<doc>Waits for the element found by ``selector`` to satisfy state option.</doc>
<status status="PASS" start="2026-07-30T17:30:32.506347" elapsed="0.008532"/>
</kw>
<kw name="Get Text" owner="Browser">
<msg time="2026-07-30T17:30:32.535070" level="INFO">Text: ['Informe seu e-email']</msg>
<arg>css=.alert small</arg>
<arg>equal</arg>
<arg>Informe seu e-email</arg>
<tag>Assertion</tag>
<tag>Getter</tag>
<tag>PageContent</tag>
<doc>Returns text attribute of the element found by ``selector``.</doc>
<status status="PASS" start="2026-07-30T17:30:32.515089" elapsed="0.020195"/>
</kw>
<status status="PASS" start="2026-07-30T17:30:32.505730" elapsed="0.029685"/>
</kw>
<msg time="2026-07-30T17:30:32.549102" level="INFO">Switching context to context=f84fcde3-61a5-40d7-873b-329ed7d5dc75 in CURRENT</msg>
<msg time="2026-07-30T17:30:32.555746" level="INFO">Successfully changed active context: context=f84fcde3-61a5-40d7-873b-329ed7d5dc75</msg>
<msg time="2026-07-30T17:30:32.571220" level="INFO">Successfully closed Context</msg>
<tag>signup-empty-email</tag>
<status status="PASS" start="2026-07-30T17:30:30.507920" elapsed="2.027836"/>
</test>
<test id="s1-s2-t5" name="Cadastro com senha vazia" line="67">
<kw name="Remove user from database" owner="database">
<msg time="2026-07-30T17:30:32.613180" level="INFO">removing user by Jrobinho211@gmail.com: 0 removed</msg>
<arg>${email}</arg>
<status status="PASS" start="2026-07-30T17:30:32.578377" elapsed="0.034929"/>
</kw>
<kw name="Dado que estou na página de cadastro" owner="singup">
<kw name="New Browser" owner="Browser">
<msg time="2026-07-30T17:30:32.615531" level="INFO">Switching browser to browser=fe88e5f0-2fe1-41cc-bd9e-a31a1f496a57</msg>
<msg time="2026-07-30T17:30:32.618408" level="INFO">Successfully changed active browser: browser=fe88e5f0-2fe1-41cc-bd9e-a31a1f496a57</msg>
<msg time="2026-07-30T17:30:32.618642" level="INFO">Reusing existing browser with id: browser=fe88e5f0-2fe1-41cc-bd9e-a31a1f496a57</msg>
<arg>browser=chromium</arg>
<arg>headless=False</arg>
<tag>BrowserControl</tag>
<tag>Setter</tag>
<doc>Create a new playwright Browser with specified options.</doc>
<status status="PASS" start="2026-07-30T17:30:32.614594" elapsed="0.004146"/>
</kw>
<kw name="New Page" owner="Browser">
<msg time="2026-07-30T17:30:34.340807" level="INFO">Successfully initialized new page object and opened url: http://localhost:3000</msg>
<msg time="2026-07-30T17:30:34.340882" level="INFO">No context was open. New context was automatically opened when this page is created.</msg>
<arg>http://localhost:3000</arg>
<tag>BrowserControl</tag>
<tag>Setter</tag>
<doc>Open a new Page.</doc>
<status status="PASS" start="2026-07-30T17:30:32.619018" elapsed="1.721996"/>
</kw>
<kw name="Go To" owner="Browser">
<msg time="2026-07-30T17:30:34.390318" level="INFO">Successfully opened URL http://localhost:3000/signup</msg>
<arg>http://localhost:3000/signup</arg>
<tag>BrowserControl</tag>
<tag>Setter</tag>
<doc>Navigates to the given ``url``.</doc>
<status status="PASS" start="2026-07-30T17:30:34.341178" elapsed="0.049350"/>
</kw>
<kw name="Wait For Elements State" owner="Browser">
<msg time="2026-07-30T17:30:34.416991" level="INFO">Waited for Element with selector css=h1 at state visible</msg>
<arg>css=h1</arg>
<arg>visible</arg>
<arg>2</arg>
<tag>PageContent</tag>
<tag>Wait</tag>
<doc>Waits for the element found by ``selector`` to satisfy state option.</doc>
<status status="PASS" start="2026-07-30T17:30:34.390703" elapsed="0.026537"/>
</kw>
<kw name="Get Text" owner="Browser">
<msg time="2026-07-30T17:30:34.440441" level="INFO">Text: ['Faça seu cadastro']</msg>
<arg>css=h1</arg>
<arg>equal</arg>
<arg>Faça seu cadastro</arg>
<tag>Assertion</tag>
<tag>Getter</tag>
<tag>PageContent</tag>
<doc>Returns text attribute of the element found by ``selector``.</doc>
<status status="PASS" start="2026-07-30T17:30:34.417464" elapsed="0.023109"/>
</kw>
<status status="PASS" start="2026-07-30T17:30:32.613934" elapsed="1.826782"/>
</kw>
<kw name="Quando preencho o campo de Cadastro com senha vazia" owner="singup">
<kw name="Fill Text" owner="Browser">
<msg time="2026-07-30T17:30:34.442564" level="INFO">Fills the text 'Robson Junior' in the given field.</msg>
<arg>id=name</arg>
<arg>${name}</arg>
<tag>PageContent</tag>
<tag>Setter</tag>
<doc>Clears and fills the given ``txt`` into the text field found by ``selector``.</doc>
<status status="PASS" start="2026-07-30T17:30:34.441767" elapsed="0.019075"/>
</kw>
<kw name="Fill Text" owner="Browser">
<msg time="2026-07-30T17:30:34.461959" level="INFO">Fills the text 'Jrobinho211@gmail.com' in the given field.</msg>
<arg>id=email</arg>
<arg>${email}</arg>
<tag>PageContent</tag>
<tag>Setter</tag>
<doc>Clears and fills the given ``txt`` into the text field found by ``selector``.</doc>
<status status="PASS" start="2026-07-30T17:30:34.461132" elapsed="0.020904"/>
</kw>
<kw name="Fill Text" owner="Browser">
<msg time="2026-07-30T17:30:34.483537" level="INFO">Fills the text '' in the given field.</msg>
<arg>id=password</arg>
<arg>${Empty}</arg>
<tag>PageContent</tag>
<tag>Setter</tag>
<doc>Clears and fills the given ``txt`` into the text field found by ``selector``.</doc>
<status status="PASS" start="2026-07-30T17:30:34.482357" elapsed="0.014704"/>
</kw>
<status status="PASS" start="2026-07-30T17:30:34.441221" elapsed="0.055963"/>
</kw>
<kw name="E clico no botão de cadastro" owner="singup">
<kw name="Click" owner="Browser">
<msg time="2026-07-30T17:30:34.498326" level="INFO">Clicks the element 'id=buttonSignup'.</msg>
<arg>id=buttonSignup</arg>
<tag>PageContent</tag>
<tag>Setter</tag>
<doc>Simulates mouse click on the element found by ``selector``.</doc>
<status status="PASS" start="2026-07-30T17:30:34.497901" elapsed="0.070909"/>
</kw>
<status status="PASS" start="2026-07-30T17:30:34.497473" elapsed="0.071468"/>
</kw>
<kw name="Devo ver uma mensagem de erro no campo senha" owner="singup">
<kw name="Wait For Elements State" owner="Browser">
<msg time="2026-07-30T17:30:34.580610" level="INFO">Waited for Element with selector css=.alert small at state visible</msg>
<arg>css=.alert small</arg>
<arg>visible</arg>
<arg>2</arg>
<tag>PageContent</tag>
<tag>Wait</tag>
<doc>Waits for the element found by ``selector`` to satisfy state option.</doc>
<status status="PASS" start="2026-07-30T17:30:34.569818" elapsed="0.010983"/>
</kw>
<kw name="Get Text" owner="Browser">
<msg time="2026-07-30T17:30:34.597341" level="INFO">Text: ['Informe uma senha com pelo menos 6 digitos']</msg>
<arg>css=.alert small.alert-error</arg>
<arg>equal</arg>
<arg>Informe uma senha com pelo menos 6 digitos</arg>
<tag>Assertion</tag>
<tag>Getter</tag>
<tag>PageContent</tag>
<doc>Returns text attribute of the element found by ``selector``.</doc>
<status status="PASS" start="2026-07-30T17:30:34.581033" elapsed="0.016412"/>
</kw>
<status status="PASS" start="2026-07-30T17:30:34.569275" elapsed="0.028275"/>
</kw>
<msg time="2026-07-30T17:30:34.610852" level="INFO">Switching context to context=ac0d4251-c98e-4a6a-bf24-dea657988db3 in CURRENT</msg>
<msg time="2026-07-30T17:30:34.616209" level="INFO">Successfully changed active context: context=ac0d4251-c98e-4a6a-bf24-dea657988db3</msg>
<msg time="2026-07-30T17:30:34.631978" level="INFO">Successfully closed Context</msg>
<tag>signup-empty-password</tag>
<status status="PASS" start="2026-07-30T17:30:32.572173" elapsed="2.025598"/>
</test>
<test id="s1-s2-t6" name="Cadastro com campos vazios" line="80">
<kw name="Remove user from database" owner="database">
<msg time="2026-07-30T17:30:34.672699" level="INFO">removing user by Jrobinho211@gmail.com: 0 removed</msg>
<arg>${email}</arg>
<status status="PASS" start="2026-07-30T17:30:34.638512" elapsed="0.034270"/>
</kw>
<kw name="Dado que estou na página de cadastro" owner="singup">
<kw name="New Browser" owner="Browser">
<msg time="2026-07-30T17:30:34.674236" level="INFO">Switching browser to browser=fe88e5f0-2fe1-41cc-bd9e-a31a1f496a57</msg>
<msg time="2026-07-30T17:30:34.678949" level="INFO">Successfully changed active browser: browser=fe88e5f0-2fe1-41cc-bd9e-a31a1f496a57</msg>
<msg time="2026-07-30T17:30:34.679133" level="INFO">Reusing existing browser with id: browser=fe88e5f0-2fe1-41cc-bd9e-a31a1f496a57</msg>
<arg>browser=chromium</arg>
<arg>headless=False</arg>
<tag>BrowserControl</tag>
<tag>Setter</tag>
<doc>Create a new playwright Browser with specified options.</doc>
<status status="PASS" start="2026-07-30T17:30:34.673575" elapsed="0.005627"/>
</kw>
<kw name="New Page" owner="Browser">
<msg time="2026-07-30T17:30:36.452168" level="INFO">Successfully initialized new page object and opened url: http://localhost:3000</msg>
<msg time="2026-07-30T17:30:36.452252" level="INFO">No context was open. New context was automatically opened when this page is created.</msg>
<arg>http://localhost:3000</arg>
<tag>BrowserControl</tag>
<tag>Setter</tag>
<doc>Open a new Page.</doc>
<status status="PASS" start="2026-07-30T17:30:34.679403" elapsed="1.772989"/>
</kw>
<kw name="Go To" owner="Browser">
<msg time="2026-07-30T17:30:36.503487" level="INFO">Successfully opened URL http://localhost:3000/signup</msg>
<arg>http://localhost:3000/signup</arg>
<tag>BrowserControl</tag>
<tag>Setter</tag>
<doc>Navigates to the given ``url``.</doc>
<status status="PASS" start="2026-07-30T17:30:36.452568" elapsed="0.051132"/>
</kw>
<kw name="Wait For Elements State" owner="Browser">
<msg time="2026-07-30T17:30:36.532490" level="INFO">Waited for Element with selector css=h1 at state visible</msg>
<arg>css=h1</arg>
<arg>visible</arg>
<arg>2</arg>
<tag>PageContent</tag>
<tag>Wait</tag>
<doc>Waits for the element found by ``selector`` to satisfy state option.</doc>
<status status="PASS" start="2026-07-30T17:30:36.503910" elapsed="0.029027"/>
</kw>
<kw name="Get Text" owner="Browser">
<msg time="2026-07-30T17:30:36.558367" level="INFO">Text: ['Faça seu cadastro']</msg>
<arg>css=h1</arg>
<arg>equal</arg>
<arg>Faça seu cadastro</arg>
<tag>Assertion</tag>
<tag>Getter</tag>
<tag>PageContent</tag>
<doc>Returns text attribute of the element found by ``selector``.</doc>
<status status="PASS" start="2026-07-30T17:30:36.533278" elapsed="0.025196"/>
</kw>
<status status="PASS" start="2026-07-30T17:30:34.673145" elapsed="1.885433"/>
</kw>
<kw name="Quando preencho o campo de cadastro com todos os campos vazios" owner="singup">
<kw name="Fill Text" owner="Browser">
<msg time="2026-07-30T17:30:36.559956" level="INFO">Fills the text '' in the given field.</msg>
<arg>id=name</arg>
<arg>${Empty}</arg>
<tag>PageContent</tag>
<tag>Setter</tag>
<doc>Clears and fills the given ``txt`` into the text field found by ``selector``.</doc>
<status status="PASS" start="2026-07-30T17:30:36.559278" elapsed="0.024841"/>
</kw>
<kw name="Fill Text" owner="Browser">
<msg time="2026-07-30T17:30:36.588135" level="INFO">Fills the text '' in the given field.</msg>
<arg>id=email</arg>
<arg>${Empty}</arg>
<tag>PageContent</tag>
<tag>Setter</tag>
<doc>Clears and fills the given ``txt`` into the text field found by ``selector``.</doc>
<status status="PASS" start="2026-07-30T17:30:36.584503" elapsed="0.020912"/>
</kw>
<kw name="Fill Text" owner="Browser">
<msg time="2026-07-30T17:30:36.608575" level="INFO">Fills the text '' in the given field.</msg>
<arg>id=password</arg>
<arg>${Empty}</arg>
<tag>PageContent</tag>
<tag>Setter</tag>
<doc>Clears and fills the given ``txt`` into the text field found by ``selector``.</doc>
<status status="PASS" start="2026-07-30T17:30:36.606542" elapsed="0.014973"/>
</kw>
<status status="PASS" start="2026-07-30T17:30:36.558847" elapsed="0.062793"/>
</kw>
<kw name="E clico no botão de cadastro" owner="singup">
<kw name="Click" owner="Browser">
<msg time="2026-07-30T17:30:36.622800" level="INFO">Clicks the element 'id=buttonSignup'.</msg>
<arg>id=buttonSignup</arg>
<tag>PageContent</tag>
<tag>Setter</tag>
<doc>Simulates mouse click on the element found by ``selector``.</doc>
<status status="PASS" start="2026-07-30T17:30:36.622368" elapsed="0.040888"/>
</kw>
<status status="PASS" start="2026-07-30T17:30:36.621920" elapsed="0.041456"/>
</kw>
<kw name="Devo ver as mensagens de erro de campos vazios" owner="singup">
<kw name="Wait For Elements State" owner="Browser">
<msg time="2026-07-30T17:30:36.676152" level="INFO">Waited for Element with selector css=.form-input:nth-child(3) .alert-error at state visible</msg>
<arg>css=.form-input:nth-child(3) .alert-error</arg>
<arg>visible</arg>
<arg>2</arg>
<tag>PageContent</tag>
<tag>Wait</tag>
<doc>Waits for the element found by ``selector`` to satisfy state option.</doc>
<status status="PASS" start="2026-07-30T17:30:36.664288" elapsed="0.012022"/>
</kw>
<kw name="Get Text" owner="Browser">
<msg time="2026-07-30T17:30:36.692630" level="INFO">Text: ['Informe seu nome completo']</msg>
<arg>css=.form-input:nth-child(3) .alert-error</arg>
<arg>equal</arg>
<arg>Informe seu nome completo</arg>
<tag>Assertion</tag>
<tag>Getter</tag>
<tag>PageContent</tag>
<doc>Returns text attribute of the element found by ``selector``.</doc>
<status status="PASS" start="2026-07-30T17:30:36.676479" elapsed="0.016254"/>
</kw>
<kw name="Wait For Elements State" owner="Browser">
<msg time="2026-07-30T17:30:36.699966" level="INFO">Waited for Element with selector css= .form-input:nth-child(4) .alert-error at state visible</msg>
<arg>css= .form-input:nth-child(4) .alert-error</arg>
<arg>visible</arg>
<arg>2</arg>
<tag>PageContent</tag>
<tag>Wait</tag>
<doc>Waits for the element found by ``selector`` to satisfy state option.</doc>
<status status="PASS" start="2026-07-30T17:30:36.692901" elapsed="0.007506"/>
</kw>
<kw name="Get Text" owner="Browser">
<msg time="2026-07-30T17:30:36.716245" level="INFO">Text: ['Informe seu e-email']</msg>
<arg>css=.form-input:nth-child(4) .alert-error</arg>
<arg>equal</arg>
<arg>Informe seu e-email</arg>
<tag>Assertion</tag>
<tag>Getter</tag>
<tag>PageContent</tag>
<doc>Returns text attribute of the element found by ``selector``.</doc>
<status status="PASS" start="2026-07-30T17:30:36.700630" elapsed="0.015743"/>
</kw>
<kw name="Wait For Elements State" owner="Browser">
<msg time="2026-07-30T17:30:36.722478" level="INFO">Waited for Element with selector css= .form-input:nth-child(5) .alert-error at state visible</msg>
<arg>css= .form-input:nth-child(5) .alert-error</arg>
<arg>visible</arg>
<arg>2</arg>
<tag>PageContent</tag>
<tag>Wait</tag>
<doc>Waits for the element found by ``selector`` to satisfy state option.</doc>
<status status="PASS" start="2026-07-30T17:30:36.716548" elapsed="0.006084"/>
</kw>
<kw name="Get Text" owner="Browser">
<msg time="2026-07-30T17:30:36.735024" level="INFO">Text: ['Informe uma senha com pelo menos 6 digitos']</msg>
<arg>css= .form-input:nth-child(5) .alert-error</arg>
<arg>equal</arg>
<arg>Informe uma senha com pelo menos 6 digitos</arg>
<tag>Assertion</tag>
<tag>Getter</tag>
<tag>PageContent</tag>
<doc>Returns text attribute of the element found by ``selector``.</doc>
<status status="PASS" start="2026-07-30T17:30:36.722821" elapsed="0.012308"/>
</kw>
<status status="PASS" start="2026-07-30T17:30:36.663693" elapsed="0.071538"/>
</kw>
<msg time="2026-07-30T17:30:36.748410" level="INFO">Switching context to context=eba6c0e5-ac30-4d5b-a103-0b40cb69709e in CURRENT</msg>
<msg time="2026-07-30T17:30:36.754621" level="INFO">Successfully changed active context: context=eba6c0e5-ac30-4d5b-a103-0b40cb69709e</msg>
<msg time="2026-07-30T17:30:36.770298" level="INFO">Successfully closed Context</msg>
<tag>signup-empty-fields</tag>
<status status="PASS" start="2026-07-30T17:30:34.633048" elapsed="2.102456"/>
</test>
<test id="s1-s2-t7" name="Cadastro com senha menor que 6 digitos" line="93">
<kw name="Remove user from database" owner="database">
<msg time="2026-07-30T17:30:36.815720" level="INFO">removing user by Jrobinho211@gmail.com: 0 removed</msg>
<arg>${email}</arg>
<status status="PASS" start="2026-07-30T17:30:36.779302" elapsed="0.036502"/>
</kw>
<kw name="Dado que estou na página de cadastro" owner="singup">
<kw name="New Browser" owner="Browser">
<msg time="2026-07-30T17:30:36.818160" level="INFO">Switching browser to browser=fe88e5f0-2fe1-41cc-bd9e-a31a1f496a57</msg>
<msg time="2026-07-30T17:30:36.820706" level="INFO">Successfully changed active browser: browser=fe88e5f0-2fe1-41cc-bd9e-a31a1f496a57</msg>
<msg time="2026-07-30T17:30:36.820874" level="INFO">Reusing existing browser with id: browser=fe88e5f0-2fe1-41cc-bd9e-a31a1f496a57</msg>
<arg>browser=chromium</arg>
<arg>headless=False</arg>
<tag>BrowserControl</tag>
<tag>Setter</tag>
<doc>Create a new playwright Browser with specified options.</doc>
<status status="PASS" start="2026-07-30T17:30:36.817286" elapsed="0.003653"/>
</kw>
<kw name="New Page" owner="Browser">
<msg time="2026-07-30T17:30:38.583098" level="INFO">Successfully initialized new page object and opened url: http://localhost:3000</msg>
<msg time="2026-07-30T17:30:38.583191" level="INFO">No context was open. New context was automatically opened when this page is created.</msg>
<arg>http://localhost:3000</arg>
<tag>BrowserControl</tag>
<tag>Setter</tag>
<doc>Open a new Page.</doc>
<status status="PASS" start="2026-07-30T17:30:36.821145" elapsed="1.762251"/>
</kw>
<kw name="Go To" owner="Browser">
<msg time="2026-07-30T17:30:38.669345" level="INFO">Successfully opened URL http://localhost:3000/signup</msg>
<arg>http://localhost:3000/signup</arg>
<tag>BrowserControl</tag>
<tag>Setter</tag>
<doc>Navigates to the given ``url``.</doc>
<status status="PASS" start="2026-07-30T17:30:38.583610" elapsed="0.085902"/>
</kw>
<kw name="Wait For Elements State" owner="Browser">
<msg time="2026-07-30T17:30:38.692663" level="INFO">Waited for Element with selector css=h1 at state visible</msg>
<arg>css=h1</arg>
<arg>visible</arg>
<arg>2</arg>
<tag>PageContent</tag>
<tag>Wait</tag>
<doc>Waits for the element found by ``selector`` to satisfy state option.</doc>
<status status="PASS" start="2026-07-30T17:30:38.669681" elapsed="0.023154"/>
</kw>
<kw name="Get Text" owner="Browser">
<msg time="2026-07-30T17:30:38.718501" level="INFO">Text: ['Faça seu cadastro']</msg>
<arg>css=h1</arg>
<arg>equal</arg>
<arg>Faça seu cadastro</arg>
<tag>Assertion</tag>
<tag>Getter</tag>
<tag>PageContent</tag>
<doc>Returns text attribute of the element found by ``selector``.</doc>
<status status="PASS" start="2026-07-30T17:30:38.693047" elapsed="0.025576"/>
</kw>
<status status="PASS" start="2026-07-30T17:30:36.816292" elapsed="1.902454"/>
</kw>
<kw name="Quando preencho o campo senha com 5 digitos" owner="singup">
<kw name="Fill Text" owner="Browser">
<msg time="2026-07-30T17:30:38.720132" level="INFO">Fills the text 'Robson Junior' in the given field.</msg>
<arg>id=name</arg>
<arg>${name}</arg>
<tag>PageContent</tag>
<tag>Setter</tag>
<doc>Clears and fills the given ``txt`` into the text field found by ``selector``.</doc>
<status status="PASS" start="2026-07-30T17:30:38.719535" elapsed="0.016806"/>
</kw>
<kw name="Fill Text" owner="Browser">
<msg time="2026-07-30T17:30:38.737236" level="INFO">Fills the text 'Jrobinho211@gmail.com' in the given field.</msg>
<arg>id=email</arg>
<arg>${email}</arg>
<tag>PageContent</tag>
<tag>Setter</tag>
<doc>Clears and fills the given ``txt`` into the text field found by ``selector``.</doc>
<status status="PASS" start="2026-07-30T17:30:38.736616" elapsed="0.021803"/>
</kw>
<kw name="Fill Text" owner="Browser">
<msg time="2026-07-30T17:30:38.760410" level="INFO">Fills the text '12345' in the given field.</msg>
<arg>id=password</arg>
<arg>${password2}</arg>
<tag>PageContent</tag>
<tag>Setter</tag>
<doc>Clears and fills the given ``txt`` into the text field found by ``selector``.</doc>
<status status="PASS" start="2026-07-30T17:30:38.758905" elapsed="0.011976"/>
</kw>
<status status="PASS" start="2026-07-30T17:30:38.719058" elapsed="0.051982"/>
</kw>
<kw name="E clico no botão de cadastro" owner="singup">
<kw name="Click" owner="Browser">
<msg time="2026-07-30T17:30:38.772661" level="INFO">Clicks the element 'id=buttonSignup'.</msg>
<arg>id=buttonSignup</arg>
<tag>PageContent</tag>
<tag>Setter</tag>
<doc>Simulates mouse click on the element found by ``selector``.</doc>
<status status="PASS" start="2026-07-30T17:30:38.772009" elapsed="0.046769"/>
</kw>
<status status="PASS" start="2026-07-30T17:30:38.771436" elapsed="0.047530"/>
</kw>
<kw name="Devo ver uma mensagem de erro pedindo para informar mais de 6 digitos" owner="singup">
<kw name="Wait For Elements State" owner="Browser">
<msg time="2026-07-30T17:30:38.826154" level="INFO">Waited for Element with selector css=.alert small at state visible</msg>
<arg>css=.alert small</arg>
<arg>visible</arg>
<arg>2</arg>
<tag>PageContent</tag>
<tag>Wait</tag>
<doc>Waits for the element found by ``selector`` to satisfy state option.</doc>
<status status="PASS" start="2026-07-30T17:30:38.819863" elapsed="0.006452"/>
</kw>
<kw name="Get Text" owner="Browser">
<msg time="2026-07-30T17:30:38.836910" level="INFO">Text: ['Informe uma senha com pelo menos 6 digitos']</msg>
<arg>css=.alert small.alert-error</arg>
<arg>equal</arg>
<arg>Informe uma senha com pelo menos 6 digitos</arg>
<tag>Assertion</tag>
<tag>Getter</tag>
<tag>PageContent</tag>
<doc>Returns text attribute of the element found by ``selector``.</doc>
<status status="PASS" start="2026-07-30T17:30:38.826483" elapsed="0.010528"/>
</kw>
<status status="PASS" start="2026-07-30T17:30:38.819427" elapsed="0.017687"/>
</kw>
<msg time="2026-07-30T17:30:38.853620" level="INFO">Switching context to context=a6a9d181-3912-40f3-b8ae-50f40a20b5d0 in CURRENT</msg>
<msg time="2026-07-30T17:30:38.860512" level="INFO">Successfully changed active context: context=a6a9d181-3912-40f3-b8ae-50f40a20b5d0</msg>
<msg time="2026-07-30T17:30:38.875677" level="INFO">Successfully closed Context</msg>
<tag>singup-password-five</tag>
<status status="PASS" start="2026-07-30T17:30:36.771895" elapsed="2.065482"/>
</test>
<doc>Online</doc>
<status status="PASS" start="2026-07-30T17:30:23.937500" elapsed="14.939327"/>
</suite>
<suite id="s1-s3" name="Task" source="C:\ProjetoQAmark85\projects\mark85-robot-express\tests\task.robot">
<test id="s1-s3-t1" name="Adicionar task com sucesso" line="11">
<kw name="Remove user from database" owner="database">
<msg time="2026-07-30T17:30:38.956997" level="INFO">removing user by Jrobinho211@gmail.com: 0 removed</msg>
<arg>${email}</arg>
<status status="PASS" start="2026-07-30T17:30:38.920708" elapsed="0.036422"/>
</kw>
<kw name="Dado que eu ja tenha efetuado o cadastro" owner="tasks">
<kw name="New Browser" owner="Browser">
<msg time="2026-07-30T17:30:38.960102" level="INFO">Switching browser to browser=fe88e5f0-2fe1-41cc-bd9e-a31a1f496a57</msg>
<msg time="2026-07-30T17:30:38.962437" level="INFO">Successfully changed active browser: browser=fe88e5f0-2fe1-41cc-bd9e-a31a1f496a57</msg>
<msg time="2026-07-30T17:30:38.962742" level="INFO">Reusing existing browser with id: browser=fe88e5f0-2fe1-41cc-bd9e-a31a1f496a57</msg>
<arg>browser=chromium</arg>
<arg>headless=False</arg>
<tag>BrowserControl</tag>
<tag>Setter</tag>
<doc>Create a new playwright Browser with specified options.</doc>
<status status="PASS" start="2026-07-30T17:30:38.958828" elapsed="0.003986"/>
</kw>
<kw name="New Page" owner="Browser">
<msg time="2026-07-30T17:30:40.692223" level="INFO">Successfully initialized new page object and opened url: http://localhost:3000</msg>
<msg time="2026-07-30T17:30:40.692299" level="INFO">No context was open. New context was automatically opened when this page is created.</msg>
<arg>http://localhost:3000</arg>
<tag>BrowserControl</tag>
<tag>Setter</tag>
<doc>Open a new Page.</doc>
<status status="PASS" start="2026-07-30T17:30:38.963005" elapsed="1.729423"/>
</kw>
<kw name="Go To" owner="Browser">
<msg time="2026-07-30T17:30:40.746373" level="INFO">Successfully opened URL http://localhost:3000/signup</msg>
<arg>http://localhost:3000/signup</arg>
<tag>BrowserControl</tag>
<tag>Setter</tag>
<doc>Navigates to the given ``url``.</doc>
<status status="PASS" start="2026-07-30T17:30:40.692591" elapsed="0.054067"/>
</kw>
<kw name="Wait For Elements State" owner="Browser">
<msg time="2026-07-30T17:30:40.775447" level="INFO">Waited for Element with selector css=h1 at state visible</msg>
<arg>css=h1</arg>
<arg>visible</arg>
<arg>5</arg>
<tag>PageContent</tag>
<tag>Wait</tag>
<doc>Waits for the element found by ``selector`` to satisfy state option.</doc>
<status status="PASS" start="2026-07-30T17:30:40.746918" elapsed="0.028696"/>
</kw>
<kw name="Get Text" owner="Browser">
<msg time="2026-07-30T17:30:40.801333" level="INFO">Text: ['Faça seu cadastro']</msg>
<arg>css=h1</arg>
<arg>equal</arg>
<arg>Faça seu cadastro</arg>
<tag>Assertion</tag>
<tag>Getter</tag>
<tag>PageContent</tag>
<doc>Returns text attribute of the element found by ``selector``.</doc>
<status status="PASS" start="2026-07-30T17:30:40.775789" elapsed="0.025686"/>
</kw>
<kw name="Fill Text" owner="Browser">
<msg time="2026-07-30T17:30:40.802673" level="INFO">Fills the text 'Robson Junior' in the given field.</msg>
<arg>id=name</arg>
<arg>${name}</arg>
<tag>PageContent</tag>
<tag>Setter</tag>
<doc>Clears and fills the given ``txt`` into the text field found by ``selector``.</doc>
<status status="PASS" start="2026-07-30T17:30:40.801701" elapsed="0.016227"/>
</kw>
<kw name="Fill Text" owner="Browser">
<msg time="2026-07-30T17:30:40.818959" level="INFO">Fills the text 'Jrobinho211@gmail.com' in the given field.</msg>
<arg>id=email</arg>
<arg>${email}</arg>
<tag>PageContent</tag>
<tag>Setter</tag>
<doc>Clears and fills the given ``txt`` into the text field found by ``selector``.</doc>
<status status="PASS" start="2026-07-30T17:30:40.818250" elapsed="0.017880"/>
</kw>
<kw name="Fill Text" owner="Browser">
<msg time="2026-07-30T17:30:40.837784" level="INFO">Fills the text 'pw1234' in the given field.</msg>
<arg>id=password</arg>
<arg>${password}</arg>
<tag>PageContent</tag>
<tag>Setter</tag>
<doc>Clears and fills the given ``txt`` into the text field found by ``selector``.</doc>
<status status="PASS" start="2026-07-30T17:30:40.836734" elapsed="0.015010"/>
</kw>
<kw name="Click" owner="Browser">
<msg time="2026-07-30T17:30:40.852566" level="INFO">Clicks the element 'id=buttonSignup'.</msg>
<arg>id=buttonSignup</arg>
<tag>PageContent</tag>
<tag>Setter</tag>
<doc>Simulates mouse click on the element found by ``selector``.</doc>
<status status="PASS" start="2026-07-30T17:30:40.851982" elapsed="0.035864"/>
</kw>
<kw name="Wait For Elements State" owner="Browser">
<msg time="2026-07-30T17:30:40.986908" level="INFO">Waited for Element with selector css=.notice p at state visible</msg>
<arg>css=.notice p</arg>
<arg>visible</arg>
<arg>5</arg>
<tag>PageContent</tag>
<tag>Wait</tag>
<doc>Waits for the element found by ``selector`` to satisfy state option.</doc>
<status status="PASS" start="2026-07-30T17:30:40.888069" elapsed="0.099000"/>
</kw>
<kw name="Get Text" owner="Browser">
<msg time="2026-07-30T17:30:41.002317" level="INFO">Text: ['Boas vindas ao Mark85, o seu gerenciador de tarefas.']</msg>
<arg>css=.notice p</arg>
<arg>equal</arg>
<arg>Boas vindas ao Mark85, o seu gerenciador de tarefas.</arg>
<tag>Assertion</tag>
<tag>Getter</tag>
<tag>PageContent</tag>
<doc>Returns text attribute of the element found by ``selector``.</doc>
<status status="PASS" start="2026-07-30T17:30:40.987238" elapsed="0.015234"/>
</kw>
<kw name="Click" owner="Browser">
<msg time="2026-07-30T17:30:41.003423" level="INFO">Clicks the element '.sc-fznKkj a'.</msg>
<arg>.sc-fznKkj a</arg>
<tag>PageContent</tag>
<tag>Setter</tag>
<doc>Simulates mouse click on the element found by ``selector``.</doc>
<status status="PASS" start="2026-07-30T17:30:41.002747" elapsed="0.049041"/>
</kw>
<kw name="Fill Text" owner="Browser">
<msg time="2026-07-30T17:30:41.052646" level="INFO">Fills the text 'Jrobinho211@gmail.com' in the given field.</msg>
<arg>id=email</arg>
<arg>${email}</arg>
<tag>PageContent</tag>
<tag>Setter</tag>
<doc>Clears and fills the given ``txt`` into the text field found by ``selector``.</doc>
<status status="PASS" start="2026-07-30T17:30:41.052012" elapsed="0.012407"/>
</kw>
<kw name="Fill Text" owner="Browser">
<msg time="2026-07-30T17:30:41.066120" level="INFO">Fills the text 'pw1234' in the given field.</msg>
<arg>id=password</arg>
<arg>${password}</arg>
<tag>PageContent</tag>
<tag>Setter</tag>
<doc>Clears and fills the given ``txt`` into the text field found by ``selector``.</doc>
<status status="PASS" start="2026-07-30T17:30:41.064839" elapsed="0.016633"/>
</kw>
<kw name="Click" owner="Browser">
<msg time="2026-07-30T17:30:41.082351" level="INFO">Clicks the element '.sc-fzoLsD button'.</msg>
<arg>.sc-fzoLsD button</arg>
<tag>PageContent</tag>
<tag>Setter</tag>
<doc>Simulates mouse click on the element found by ``selector``.</doc>
<status status="PASS" start="2026-07-30T17:30:41.081676" elapsed="0.033826"/>
</kw>
<status status="PASS" start="2026-07-30T17:30:38.957751" elapsed="2.157914"/>
</kw>
<kw name="E que eu esteja na página de tarefas" owner="tasks">
<kw name="Wait For Elements State" owner="Browser">
<msg time="2026-07-30T17:30:41.220585" level="INFO">Waited for Element with selector css=.oops p at state visible</msg>
<arg>css=.oops p</arg>
<arg>visible</arg>
<arg>5</arg>
<tag>PageContent</tag>
<tag>Wait</tag>
<doc>Waits for the element found by ``selector`` to satisfy state option.</doc>
<status status="PASS" start="2026-07-30T17:30:41.116740" elapsed="0.103999"/>
</kw>
<kw name="Get Text" owner="Browser">
<msg time="2026-07-30T17:30:41.231489" level="INFO">Text: ['Nenhuma tarefa cadastrada']</msg>
<arg>css=.oops p</arg>
<arg>equal</arg>
<arg>Nenhuma tarefa cadastrada</arg>
<tag>Assertion</tag>
<tag>Getter</tag>
<tag>PageContent</tag>
<doc>Returns text attribute of the element found by ``selector``.</doc>
<status status="PASS" start="2026-07-30T17:30:41.220903" elapsed="0.010694"/>
</kw>
<status status="PASS" start="2026-07-30T17:30:41.116048" elapsed="0.115660"/>
</kw>
<kw name="Quando clico no botao Nova tarefa" owner="tasks">
<kw name="Click" owner="Browser">
<msg time="2026-07-30T17:30:41.233175" level="INFO">Clicks the element '.left a button'.</msg>
[...]
<status status="PASS" start="2026-07-30T17:30:44.151489" elapsed="0.014139"/>
</kw>
<kw name="Press Keys" owner="Browser">
<arg>css=.sc-fznxsB div.rti--container input</arg>
<arg>Enter</arg>
<tag>PageContent</tag>
<tag>Setter</tag>
<doc>Types the given key combination into element found by ``selector``.</doc>
<status status="PASS" start="2026-07-30T17:30:44.165817" elapsed="0.020266"/>
</kw>
<kw name="Fill Text" owner="Browser">
<msg time="2026-07-30T17:30:44.188689" level="INFO">Fills the text 'Importante' in the given field.</msg>
<arg>css=.sc-fznxsB div.rti--container input</arg>
<arg>${tag2}</arg>
<tag>PageContent</tag>
<tag>Setter</tag>
<doc>Clears and fills the given ``txt`` into the text field found by ``selector``.</doc>
<status status="PASS" start="2026-07-30T17:30:44.186439" elapsed="0.012108"/>
</kw>
<kw name="Press Keys" owner="Browser">
<arg>css=.sc-fznxsB div.rti--container input</arg>
<arg>Enter</arg>
<tag>PageContent</tag>
<tag>Setter</tag>
<doc>Types the given key combination into element found by ``selector``.</doc>
<status status="PASS" start="2026-07-30T17:30:44.198756" elapsed="0.015597"/>
</kw>
<kw name="Fill Text" owner="Browser">
<msg time="2026-07-30T17:30:44.215639" level="INFO">Fills the text 'Postar no GitHub' in the given field.</msg>
<arg>css=.sc-fznxsB div.rti--container input</arg>
<arg>${tag3}</arg>
<tag>PageContent</tag>
<tag>Setter</tag>
<doc>Clears and fills the given ``txt`` into the text field found by ``selector``.</doc>
<status status="PASS" start="2026-07-30T17:30:44.214729" elapsed="0.010900"/>
</kw>
<kw name="Press Keys" owner="Browser">
<arg>css=.sc-fznxsB div.rti--container input</arg>
<arg>Enter</arg>
<tag>PageContent</tag>
<tag>Setter</tag>
<doc>Types the given key combination into element found by ``selector``.</doc>
<status status="PASS" start="2026-07-30T17:30:44.225823" elapsed="0.012064"/>
</kw>
<status status="PASS" start="2026-07-30T17:30:44.137129" elapsed="0.100896"/>
</kw>
<kw name="E clico no botao cadastrar" owner="tasks">
<kw name="Click" owner="Browser">
<msg time="2026-07-30T17:30:44.239650" level="INFO">Clicks the element 'button.sc-Axmtr'.</msg>
<arg>button.sc-Axmtr</arg>
<tag>PageContent</tag>
<tag>Setter</tag>
<doc>Simulates mouse click on the element found by ``selector``.</doc>
<status status="PASS" start="2026-07-30T17:30:44.238994" elapsed="0.032146"/>
</kw>
<status status="PASS" start="2026-07-30T17:30:44.238400" elapsed="0.032881"/>
</kw>
<kw name="Então devo ver uma mensagem de campo obrigatório" owner="tasks">
<kw name="Wait For Elements State" owner="Browser">
<msg time="2026-07-30T17:30:44.276921" level="INFO">Waited for Element with selector css=.alert small at state visible</msg>
<arg>css=.alert small</arg>
<arg>visible</arg>
<arg>5</arg>
<tag>PageContent</tag>
<tag>Wait</tag>
<doc>Waits for the element found by ``selector`` to satisfy state option.</doc>
<status status="PASS" start="2026-07-30T17:30:44.272109" elapsed="0.004983"/>
</kw>
<kw name="Get Text" owner="Browser">
<msg time="2026-07-30T17:30:44.292467" level="INFO">Text: ['Campo obrigatório']</msg>
<arg>css=.alert small</arg>
<arg>equal</arg>
<arg>Campo obrigatório</arg>
<tag>Assertion</tag>
<tag>Getter</tag>
<tag>PageContent</tag>
<doc>Returns text attribute of the element found by ``selector``.</doc>
<status status="PASS" start="2026-07-30T17:30:44.277256" elapsed="0.015316"/>
</kw>
<status status="PASS" start="2026-07-30T17:30:44.271602" elapsed="0.021075"/>
</kw>
<msg time="2026-07-30T17:30:44.303421" level="INFO">Switching context to context=a27414c2-2f33-4f04-bfe3-7397a23af879 in CURRENT</msg>
<msg time="2026-07-30T17:30:44.307781" level="INFO">Successfully changed active context: context=a27414c2-2f33-4f04-bfe3-7397a23af879</msg>
<msg time="2026-07-30T17:30:44.327553" level="INFO">Successfully closed Context</msg>
<tag>Add-taks-empty</tag>
<status status="PASS" start="2026-07-30T17:30:41.748739" elapsed="2.544172"/>
</test>
<test id="s1-s3-t3" name="Apagar tarefa conluída" line="46">
<kw name="Remove user from database" owner="database">
<msg time="2026-07-30T17:30:44.373631" level="INFO">removing user by Jrobinho211@gmail.com: 1 removed</msg>
<arg>${email}</arg>
<status status="PASS" start="2026-07-30T17:30:44.334741" elapsed="0.039011"/>
</kw>
<kw name="Dado que eu ja tenha efetuado o cadastro" owner="tasks">
<kw name="New Browser" owner="Browser">
<msg time="2026-07-30T17:30:44.377509" level="INFO">Switching browser to browser=fe88e5f0-2fe1-41cc-bd9e-a31a1f496a57</msg>
<msg time="2026-07-30T17:30:44.380493" level="INFO">Successfully changed active browser: browser=fe88e5f0-2fe1-41cc-bd9e-a31a1f496a57</msg>
<msg time="2026-07-30T17:30:44.380700" level="INFO">Reusing existing browser with id: browser=fe88e5f0-2fe1-41cc-bd9e-a31a1f496a57</msg>
<arg>browser=chromium</arg>
<arg>headless=False</arg>
<tag>BrowserControl</tag>
<tag>Setter</tag>
<doc>Create a new playwright Browser with specified options.</doc>
<status status="PASS" start="2026-07-30T17:30:44.375774" elapsed="0.005033"/>
</kw>
<kw name="New Page" owner="Browser">
<msg time="2026-07-30T17:30:46.221629" level="INFO">Successfully initialized new page object and opened url: http://localhost:3000</msg>
<msg time="2026-07-30T17:30:46.221750" level="INFO">No context was open. New context was automatically opened when this page is created.</msg>
<arg>http://localhost:3000</arg>
<tag>BrowserControl</tag>
<tag>Setter</tag>
<doc>Open a new Page.</doc>
<status status="PASS" start="2026-07-30T17:30:44.381102" elapsed="1.840803"/>
</kw>
<kw name="Go To" owner="Browser">
<msg time="2026-07-30T17:30:46.271792" level="INFO">Successfully opened URL http://localhost:3000/signup</msg>
<arg>http://localhost:3000/signup</arg>
<tag>BrowserControl</tag>
<tag>Setter</tag>
<doc>Navigates to the given ``url``.</doc>
<status status="PASS" start="2026-07-30T17:30:46.222080" elapsed="0.049918"/>
</kw>
<kw name="Wait For Elements State" owner="Browser">
<msg time="2026-07-30T17:30:46.303746" level="INFO">Waited for Element with selector css=h1 at state visible</msg>
<arg>css=h1</arg>
<arg>visible</arg>
<arg>5</arg>
<tag>PageContent</tag>
<tag>Wait</tag>
<doc>Waits for the element found by ``selector`` to satisfy state option.</doc>
<status status="PASS" start="2026-07-30T17:30:46.272198" elapsed="0.031838"/>
</kw>
<kw name="Get Text" owner="Browser">
<msg time="2026-07-30T17:30:46.329266" level="INFO">Text: ['Faça seu cadastro']</msg>
<arg>css=h1</arg>
<arg>equal</arg>
<arg>Faça seu cadastro</arg>
<tag>Assertion</tag>
<tag>Getter</tag>
<tag>PageContent</tag>
<doc>Returns text attribute of the element found by ``selector``.</doc>
<status status="PASS" start="2026-07-30T17:30:46.304284" elapsed="0.025129"/>
</kw>
<kw name="Fill Text" owner="Browser">
<msg time="2026-07-30T17:30:46.330445" level="INFO">Fills the text 'Robson Junior' in the given field.</msg>
<arg>id=name</arg>
<arg>${name}</arg>
<tag>PageContent</tag>
<tag>Setter</tag>
<doc>Clears and fills the given ``txt`` into the text field found by ``selector``.</doc>
<status status="PASS" start="2026-07-30T17:30:46.329627" elapsed="0.014319"/>
</kw>
<kw name="Fill Text" owner="Browser">
<msg time="2026-07-30T17:30:46.346387" level="INFO">Fills the text 'Jrobinho211@gmail.com' in the given field.</msg>
<arg>id=email</arg>
<arg>${email}</arg>
<tag>PageContent</tag>
<tag>Setter</tag>
<doc>Clears and fills the given ``txt`` into the text field found by ``selector``.</doc>
<status status="PASS" start="2026-07-30T17:30:46.344377" elapsed="0.020122"/>
</kw>
<kw name="Fill Text" owner="Browser">
<msg time="2026-07-30T17:30:46.365934" level="INFO">Fills the text 'pw1234' in the given field.</msg>
<arg>id=password</arg>
<arg>${password}</arg>
<tag>PageContent</tag>
<tag>Setter</tag>
<doc>Clears and fills the given ``txt`` into the text field found by ``selector``.</doc>
<status status="PASS" start="2026-07-30T17:30:46.364841" elapsed="0.018069"/>
</kw>
<kw name="Click" owner="Browser">
<msg time="2026-07-30T17:30:46.384181" level="INFO">Clicks the element 'id=buttonSignup'.</msg>
<arg>id=buttonSignup</arg>
<tag>PageContent</tag>
<tag>Setter</tag>
<doc>Simulates mouse click on the element found by ``selector``.</doc>
<status status="PASS" start="2026-07-30T17:30:46.383254" elapsed="0.040579"/>
</kw>
<kw name="Wait For Elements State" owner="Browser">
<msg time="2026-07-30T17:30:46.637429" level="INFO">Waited for Element with selector css=.notice p at state visible</msg>
<arg>css=.notice p</arg>
<arg>visible</arg>
<arg>5</arg>
<tag>PageContent</tag>
<tag>Wait</tag>
<doc>Waits for the element found by ``selector`` to satisfy state option.</doc>
<status status="PASS" start="2026-07-30T17:30:46.424021" elapsed="0.213618"/>
</kw>
<kw name="Get Text" owner="Browser">
<msg time="2026-07-30T17:30:46.653498" level="INFO">Text: ['Boas vindas ao Mark85, o seu gerenciador de tarefas.']</msg>
<arg>css=.notice p</arg>
<arg>equal</arg>
<arg>Boas vindas ao Mark85, o seu gerenciador de tarefas.</arg>
<tag>Assertion</tag>
<tag>Getter</tag>
<tag>PageContent</tag>
<doc>Returns text attribute of the element found by ``selector``.</doc>
<status status="PASS" start="2026-07-30T17:30:46.637885" elapsed="0.015724"/>
</kw>
<kw name="Click" owner="Browser">
<msg time="2026-07-30T17:30:46.654649" level="INFO">Clicks the element '.sc-fznKkj a'.</msg>
<arg>.sc-fznKkj a</arg>
<tag>PageContent</tag>
<tag>Setter</tag>
<doc>Simulates mouse click on the element found by ``selector``.</doc>
<status status="PASS" start="2026-07-30T17:30:46.653782" elapsed="0.052281"/>
</kw>
<kw name="Fill Text" owner="Browser">
<msg time="2026-07-30T17:30:46.708002" level="INFO">Fills the text 'Jrobinho211@gmail.com' in the given field.</msg>
<arg>id=email</arg>
<arg>${email}</arg>
<tag>PageContent</tag>
<tag>Setter</tag>
<doc>Clears and fills the given ``txt`` into the text field found by ``selector``.</doc>
<status status="PASS" start="2026-07-30T17:30:46.706429" elapsed="0.022631"/>
</kw>
<kw name="Fill Text" owner="Browser">
<msg time="2026-07-30T17:30:46.731900" level="INFO">Fills the text 'pw1234' in the given field.</msg>
<arg>id=password</arg>
<arg>${password}</arg>
<tag>PageContent</tag>
<tag>Setter</tag>
<doc>Clears and fills the given ``txt`` into the text field found by ``selector``.</doc>
<status status="PASS" start="2026-07-30T17:30:46.730103" elapsed="0.022009"/>
</kw>
<kw name="Click" owner="Browser">
<msg time="2026-07-30T17:30:46.752864" level="INFO">Clicks the element '.sc-fzoLsD button'.</msg>
<arg>.sc-fzoLsD button</arg>
<tag>PageContent</tag>
<tag>Setter</tag>
<doc>Simulates mouse click on the element found by ``selector``.</doc>
<status status="PASS" start="2026-07-30T17:30:46.752325" elapsed="0.032751"/>
</kw>
<status status="PASS" start="2026-07-30T17:30:44.374361" elapsed="2.410922"/>
</kw>
<kw name="E que eu esteja na página de tarefas" owner="tasks">
<kw name="Wait For Elements State" owner="Browser">
<msg time="2026-07-30T17:30:46.886894" level="INFO">Waited for Element with selector css=.oops p at state visible</msg>
<arg>css=.oops p</arg>
<arg>visible</arg>
<arg>5</arg>
<tag>PageContent</tag>
<tag>Wait</tag>
<doc>Waits for the element found by ``selector`` to satisfy state option.</doc>
<status status="PASS" start="2026-07-30T17:30:46.787124" elapsed="0.099933"/>
</kw>
<kw name="Get Text" owner="Browser">
<msg time="2026-07-30T17:30:46.900523" level="INFO">Text: ['Nenhuma tarefa cadastrada']</msg>
<arg>css=.oops p</arg>
<arg>equal</arg>
<arg>Nenhuma tarefa cadastrada</arg>
<tag>Assertion</tag>
<tag>Getter</tag>
<tag>PageContent</tag>
<doc>Returns text attribute of the element found by ``selector``.</doc>
<status status="PASS" start="2026-07-30T17:30:46.887225" elapsed="0.013430"/>
</kw>
<status status="PASS" start="2026-07-30T17:30:46.785815" elapsed="0.114959"/>
</kw>
<kw name="E que já tenha uma tarefa conluída" owner="tasks">
<kw name="Click" owner="Browser">
<msg time="2026-07-30T17:30:46.902052" level="INFO">Clicks the element '.left a button'.</msg>
<arg>.left a button</arg>
<tag>PageContent</tag>
<tag>Setter</tag>
<doc>Simulates mouse click on the element found by ``selector``.</doc>
<status status="PASS" start="2026-07-30T17:30:46.901594" elapsed="0.037435"/>
</kw>
<kw name="Fill Text" owner="Browser">
<msg time="2026-07-30T17:30:46.940174" level="INFO">Fills the text 'Estudar Robot' in the given field.</msg>
<arg>css=.form-input input</arg>
<arg>${tarefa}</arg>
<tag>PageContent</tag>
<tag>Setter</tag>
<doc>Clears and fills the given ``txt`` into the text field found by ``selector``.</doc>
<status status="PASS" start="2026-07-30T17:30:46.939261" elapsed="0.012222"/>
</kw>
<kw name="Fill Text" owner="Browser">
<msg time="2026-07-30T17:30:46.952861" level="INFO">Fills the text 'As 20h' in the given field.</msg>
<arg>css=.sc-fznxsB div.rti--container input</arg>
<arg>${tag1}</arg>
<tag>PageContent</tag>
<tag>Setter</tag>
<doc>Clears and fills the given ``txt`` into the text field found by ``selector``.</doc>
<status status="PASS" start="2026-07-30T17:30:46.951802" elapsed="0.011818"/>
</kw>
<kw name="Press Keys" owner="Browser">
<arg>css=.sc-fznxsB div.rti--container input</arg>
<arg>Enter</arg>
<tag>PageContent</tag>
<tag>Setter</tag>
<doc>Types the given key combination into element found by ``selector``.</doc>
<status status="PASS" start="2026-07-30T17:30:46.963941" elapsed="0.018994"/>
</kw>
<kw name="Fill Text" owner="Browser">
<msg time="2026-07-30T17:30:46.984259" level="INFO">Fills the text 'Importante' in the given field.</msg>
<arg>css=.sc-fznxsB div.rti--container input</arg>
<arg>${tag2}</arg>
<tag>PageContent</tag>
<tag>Setter</tag>
<doc>Clears and fills the given ``txt`` into the text field found by ``selector``.</doc>
<status status="PASS" start="2026-07-30T17:30:46.983248" elapsed="0.009072"/>
</kw>
<kw name="Press Keys" owner="Browser">
<arg>css=.sc-fznxsB div.rti--container input</arg>
<arg>Enter</arg>
<tag>PageContent</tag>
<tag>Setter</tag>
<doc>Types the given key combination into element found by ``selector``.</doc>
<status status="PASS" start="2026-07-30T17:30:46.992542" elapsed="0.010109"/>
</kw>
<kw name="Fill Text" owner="Browser">
<msg time="2026-07-30T17:30:47.003492" level="INFO">Fills the text 'Postar no GitHub' in the given field.</msg>
<arg>css=.sc-fznxsB div.rti--container input</arg>
<arg>${tag3}</arg>
<tag>PageContent</tag>
<tag>Setter</tag>
<doc>Clears and fills the given ``txt`` into the text field found by ``selector``.</doc>
<status status="PASS" start="2026-07-30T17:30:47.002873" elapsed="0.011992"/>
</kw>
<kw name="Press Keys" owner="Browser">
<arg>css=.sc-fznxsB div.rti--container input</arg>
<arg>Enter</arg>
<tag>PageContent</tag>
<tag>Setter</tag>
<doc>Types the given key combination into element found by ``selector``.</doc>
<status status="PASS" start="2026-07-30T17:30:47.015194" elapsed="0.011421"/>
</kw>
<kw name="Click" owner="Browser">
<msg time="2026-07-30T17:30:47.027429" level="INFO">Clicks the element 'button.sc-Axmtr'.</msg>
<arg>button.sc-Axmtr</arg>
<tag>PageContent</tag>
<tag>Setter</tag>
<doc>Simulates mouse click on the element found by ``selector``.</doc>
<status status="PASS" start="2026-07-30T17:30:47.026831" elapsed="0.035758"/>
</kw>
<kw name="Click" owner="Browser">
<msg time="2026-07-30T17:30:47.063541" level="INFO">Clicks the element 'button.item-toggle'.</msg>
<arg>button.item-toggle</arg>
<tag>PageContent</tag>
<tag>Setter</tag>
<doc>Simulates mouse click on the element found by ``selector``.</doc>
<status status="PASS" start="2026-07-30T17:30:47.062824" elapsed="0.208290"/>
</kw>
<kw name="Wait For Elements State" owner="Browser">
<msg time="2026-07-30T17:30:47.483570" level="INFO">Waited for Element with selector css=.task-item strong.task-done at state visible</msg>
<arg>css=.task-item strong.task-done</arg>
<arg>visible</arg>
<arg>5</arg>
<tag>PageContent</tag>
<tag>Wait</tag>
<doc>Waits for the element found by ``selector`` to satisfy state option.</doc>
<status status="PASS" start="2026-07-30T17:30:47.271380" elapsed="0.212344"/>
</kw>
<status status="PASS" start="2026-07-30T17:30:46.901133" elapsed="0.582692"/>
</kw>
<kw name="Quando clicar no ícone de lixeira" owner="tasks">
<kw name="Wait For Elements State" owner="Browser">
<msg time="2026-07-30T17:30:47.489680" level="INFO">Waited for Element with selector css=button.task-remove at state visible</msg>
<arg>css=button.task-remove</arg>
<arg>visible</arg>
<arg>5</arg>
<tag>PageContent</tag>
<tag>Wait</tag>
<doc>Waits for the element found by ``selector`` to satisfy state option.</doc>
<status status="PASS" start="2026-07-30T17:30:47.484556" elapsed="0.005280"/>
</kw>
<kw name="Click" owner="Browser">
<msg time="2026-07-30T17:30:47.490501" level="INFO">Clicks the element 'button.task-remove'.</msg>
<arg>button.task-remove</arg>
<tag>PageContent</tag>
<tag>Setter</tag>
<doc>Simulates mouse click on the element found by ``selector``.</doc>
<status status="PASS" start="2026-07-30T17:30:47.489998" elapsed="0.030614"/>
</kw>
<status status="PASS" start="2026-07-30T17:30:47.484119" elapsed="0.036627"/>
</kw>
<kw name="Entao devo ver a página de tarefas vazia" owner="tasks">
<kw name="Wait For Elements State" owner="Browser">
<msg time="2026-07-30T17:30:47.625406" level="INFO">Waited for Element with selector css=.oops p at state visible</msg>
<arg>css=.oops p</arg>
<arg>visible</arg>
<arg>5</arg>
<tag>PageContent</tag>
<tag>Wait</tag>
<doc>Waits for the element found by ``selector`` to satisfy state option.</doc>
<status status="PASS" start="2026-07-30T17:30:47.522262" elapsed="0.103306"/>
</kw>
<kw name="Get Text" owner="Browser">
<msg time="2026-07-30T17:30:47.636428" level="INFO">Text: ['Nenhuma tarefa cadastrada']</msg>
<arg>css=.oops p</arg>
<arg>equal</arg>
<arg>Nenhuma tarefa cadastrada</arg>
<tag>Assertion</tag>
<tag>Getter</tag>
<tag>PageContent</tag>
<doc>Returns text attribute of the element found by ``selector``.</doc>
<status status="PASS" start="2026-07-30T17:30:47.625735" elapsed="0.010797"/>
</kw>
<status status="PASS" start="2026-07-30T17:30:47.521306" elapsed="0.115326"/>
</kw>
<msg time="2026-07-30T17:30:47.645537" level="INFO">Switching context to context=5ceef999-f642-492a-a1f2-679ad0b04cdb in CURRENT</msg>
<msg time="2026-07-30T17:30:47.649676" level="INFO">Successfully changed active context: context=5ceef999-f642-492a-a1f2-679ad0b04cdb</msg>
<msg time="2026-07-30T17:30:47.668609" level="INFO">Successfully closed Context</msg>
<tag>Delete-tesk-exist</tag>
<status status="PASS" start="2026-07-30T17:30:44.328686" elapsed="3.308174"/>
</test>
<doc>online</doc>
<status status="PASS" start="2026-07-30T17:30:38.888570" elapsed="8.781362"/>
</suite>
<status status="PASS" start="2026-07-30T17:30:09.935949" elapsed="37.743617"/>
</suite>
<statistics>
<total>
<stat pass="13" fail="0" skip="0">All Tests</stat>
</total>
<tag>
<stat pass="1" fail="0" skip="0">Add-taks-empty</stat>
<stat pass="1" fail="0" skip="0">Add-task-sucess</stat>
<stat pass="1" fail="0" skip="0">Delete-tesk-exist</stat>
<stat pass="1" fail="0" skip="0">dup</stat>
<stat pass="1" fail="0" skip="0">login-invalid</stat>
<stat pass="1" fail="0" skip="0">login-success</stat>
<stat pass="1" fail="0" skip="0">logout-sucess</stat>
<stat pass="1" fail="0" skip="0">signup-empty-email</stat>
<stat pass="1" fail="0" skip="0">signup-empty-fields</stat>
<stat pass="1" fail="0" skip="0">signup-empty-name</stat>
<stat pass="1" fail="0" skip="0">signup-empty-password</stat>
<stat pass="1" fail="0" skip="0">signup-success</stat>
<stat pass="1" fail="0" skip="0">singup-password-five</stat>
</tag>
<suite>
<stat name="Tests" id="s1" pass="13" fail="0" skip="0">Tests</stat>
<stat name="Login" id="s1-s1" pass="3" fail="0" skip="0">Tests.Login</stat>
<stat name="Signup" id="s1-s2" pass="7" fail="0" skip="0">Tests.Signup</stat>
<stat name="Task" id="s1-s3" pass="3" fail="0" skip="0">Tests.Task</stat>
</suite>
</statistics>
<errors>
</errors>
</robot>
