<?xml version="1.0" encoding="UTF-8"?>
<robot generator="Robot 7.4.2 (Python 3.14.0 on win32)" generated="2026-08-20T18:34:58.659695" rpa="false" schemaversion="5">
<suite id="s1" name="Signup" source="C:\ProjetoQAmark85\projects\mark85-robot-express\tests\signup.robot">
<test id="s1-t1" name="Cadastro com sucesso" line="12">
<kw name="Remove user from database" owner="database">
<msg time="2026-08-20T18:35:00.401296" level="INFO">removing user byJrobinho211@gmail.com</msg>
<arg>${email}</arg>
<status status="PASS" start="2026-08-20T18:34:59.646457" elapsed="0.754949"/>
</kw>
<kw name="Dado que estou na página de cadastro" owner="cadastro.page">
<kw name="New Browser" owner="Browser">
<msg time="2026-08-20T18:35:00.403178" level="INFO">{"browser": "chromium", "headless": false, "chromiumSandbox": false, "devtools": false, "handleSIGHUP": true, "handleSIGINT": true, "handleSIGTERM": true, "slowMo": 0.0, "timeout": 30000.0, "tracesDir": "C:\\ProjetoQAmark85\\projects\\mark85-robot-express\\log\\browser\\traces\\temp\\6f4aa3d2-9546-4e9c-aec0-058b96a62c80"}</msg>
<msg time="2026-08-20T18:35:00.434445" level="INFO">Starting Browser process C:\Users\jrrob\AppData\Local\Programs\Python\Python314\Lib\site-packages\Browser\wrapper\index.js using at 127.0.0.1:58799</msg>
<msg time="2026-08-20T18:35:01.784365" level="INFO">Successfully created browser with options: {"browser":"chromium","headless":false,"chromiumSandbox":false,"devtools":false,"handleSIGHUP":true,"handleSIGINT":true,"handleSIGTERM":true,"slowMo":0,"timeout":30000,"tracesDir":"C:\\ProjetoQAmark85\\projects\\mark85-robot-express\\log\\browser\\traces\\temp\\6f4aa3d2-9546-4e9c-aec0-058b96a62c80"}</msg>
<arg>browser=chromium</arg>
<arg>headless=False</arg>
<tag>BrowserControl</tag>
<tag>Setter</tag>
<doc>Create a new playwright Browser with specified options.</doc>
<status status="PASS" start="2026-08-20T18:35:00.402446" elapsed="1.382301"/>
</kw>
<kw name="New Page" owner="Browser">
<msg time="2026-08-20T18:35:03.632701" level="INFO">Successfully initialized new page object and opened url: http://localhost:3000</msg>
<msg time="2026-08-20T18:35:03.632812" level="INFO">No context was open. New context was automatically opened when this page is created.</msg>
<arg>http://localhost:3000</arg>
<tag>BrowserControl</tag>
<tag>Setter</tag>
<doc>Open a new Page.</doc>
<status status="PASS" start="2026-08-20T18:35:01.785225" elapsed="1.847755"/>
</kw>
<kw name="Go To" owner="Browser">
<msg time="2026-08-20T18:35:03.680837" level="INFO">Successfully opened URL http://localhost:3000/signup</msg>
<arg>http://localhost:3000/signup</arg>
<tag>BrowserControl</tag>
<tag>Setter</tag>
<doc>Navigates to the given ``url``.</doc>
<status status="PASS" start="2026-08-20T18:35:03.633209" elapsed="0.047829"/>
</kw>
<kw name="Wait For Elements State" owner="Browser">
<msg time="2026-08-20T18:35:03.713168" level="INFO">Waited for Element with selector css=h1 at state visible</msg>
<arg>css=h1</arg>
<arg>visible</arg>
<arg>5</arg>
<tag>PageContent</tag>
<tag>Wait</tag>
<doc>Waits for the element found by ``selector`` to satisfy state option.</doc>
<status status="PASS" start="2026-08-20T18:35:03.681264" elapsed="0.032053"/>
</kw>
<kw name="Get Text" owner="Browser">
<msg time="2026-08-20T18:35:03.740105" level="INFO">Text: ['Faça seu cadastro']</msg>
<arg>css=h1</arg>
<arg>equal</arg>
<arg>Faça seu cadastro</arg>
<tag>Assertion</tag>
<tag>Getter</tag>
<tag>PageContent</tag>
<doc>Returns text attribute of the element found by ``selector``.</doc>
<status status="PASS" start="2026-08-20T18:35:03.713494" elapsed="0.026731"/>
</kw>
<status status="PASS" start="2026-08-20T18:35:00.401895" elapsed="3.338461"/>
</kw>
<kw name="Quando preencho os campos corretamente" owner="cadastro.page">
<kw name="Fill Text" owner="Browser">
<msg time="2026-08-20T18:35:03.741940" level="INFO">Fills the text 'Robson Junior' in the given field.</msg>
<arg>id=name</arg>
<arg>${name}</arg>
<tag>PageContent</tag>
<tag>Setter</tag>
<doc>Clears and fills the given ``txt`` into the text field found by ``selector``.</doc>
<status status="PASS" start="2026-08-20T18:35:03.741242" elapsed="0.017228"/>
</kw>
<kw name="Fill Text" owner="Browser">
<msg time="2026-08-20T18:35:03.759991" level="INFO">Fills the text 'Jrobinho211@gmail.com' in the given field.</msg>
<arg>id=email</arg>
<arg>${email}</arg>
<tag>PageContent</tag>
<tag>Setter</tag>
<doc>Clears and fills the given ``txt`` into the text field found by ``selector``.</doc>
<status status="PASS" start="2026-08-20T18:35:03.758789" elapsed="0.015513"/>
</kw>
<kw name="Fill Text" owner="Browser">
<msg time="2026-08-20T18:35:03.775890" level="INFO">Fills the text 'pw1234' in the given field.</msg>
<arg>id=password</arg>
<arg>${password}</arg>
<tag>PageContent</tag>
<tag>Setter</tag>
<doc>Clears and fills the given ``txt`` into the text field found by ``selector``.</doc>
<status status="PASS" start="2026-08-20T18:35:03.774668" elapsed="0.014903"/>
</kw>
<status status="PASS" start="2026-08-20T18:35:03.740718" elapsed="0.048987"/>
</kw>
<kw name="E clico no botão de cadastro" owner="cadastro.page">
<kw name="Click" owner="Browser">
<msg time="2026-08-20T18:35:03.790965" level="INFO">Clicks the element 'id=buttonSignup'.</msg>
<arg>id=buttonSignup</arg>
<tag>PageContent</tag>
<tag>Setter</tag>
<doc>Simulates mouse click on the element found by ``selector``.</doc>
<status status="PASS" start="2026-08-20T18:35:03.790512" elapsed="0.043627"/>
</kw>
<status status="PASS" start="2026-08-20T18:35:03.790027" elapsed="0.044271"/>
</kw>
<kw name="Devo ver mensagem de sucesso" owner="cadastro.page">
<kw name="Wait For Elements State" owner="Browser">
<msg time="2026-08-20T18:35:04.046139" level="INFO">Waited for Element with selector css=.notice p at state visible</msg>
<arg>css=.notice p</arg>
<arg>visible</arg>
<arg>5</arg>
<tag>PageContent</tag>
<tag>Wait</tag>
<doc>Waits for the element found by ``selector`` to satisfy state option.</doc>
<status status="PASS" start="2026-08-20T18:35:03.835456" elapsed="0.210844"/>
</kw>
<kw name="Get Text" owner="Browser">
<msg time="2026-08-20T18:35:04.060648" level="INFO">Text: ['Boas vindas ao Mark85, o seu gerenciador de tarefas.']</msg>
<arg>css=.notice p</arg>
<arg>equal</arg>
<arg>Boas vindas ao Mark85, o seu gerenciador de tarefas.</arg>
<tag>Assertion</tag>
<tag>Getter</tag>
<tag>PageContent</tag>
<doc>Returns text attribute of the element found by ``selector``.</doc>
<status status="PASS" start="2026-08-20T18:35:04.046490" elapsed="0.014269"/>
</kw>
<status status="PASS" start="2026-08-20T18:35:03.834763" elapsed="0.226100"/>
</kw>
<msg time="2026-08-20T18:35:04.072354" level="INFO">Switching context to context=16c08a69-16ee-4790-8a72-eb4512a0bf4e in CURRENT</msg>
<msg time="2026-08-20T18:35:04.079347" level="INFO">Successfully changed active context: context=16c08a69-16ee-4790-8a72-eb4512a0bf4e</msg>
<msg time="2026-08-20T18:35:04.096296" level="INFO">Successfully closed Context</msg>
<tag>signup-success</tag>
<status status="PASS" start="2026-08-20T18:34:59.645171" elapsed="4.415948"/>
</test>
<test id="s1-t2" name="Cadastro com usuario duplicado" line="26">
<kw name="Remove user from database" owner="database">
<msg time="2026-08-20T18:35:04.169048" level="INFO">removing user byJrobinho211@gmail.com</msg>
<arg>${email}</arg>
<status status="PASS" start="2026-08-20T18:35:04.101430" elapsed="0.067723"/>
</kw>
<kw name="Insert user into database" owner="database">
<msg time="2026-08-20T18:35:04.240121" level="INFO">inserting user: Robson Junior | Jrobinho211@gmail.com</msg>
<arg>${name}</arg>
<arg>${email}</arg>
<arg>${password}</arg>
<status status="PASS" start="2026-08-20T18:35:04.169561" elapsed="0.070643"/>
</kw>
<kw name="Dado que estou na página de cadastro" owner="cadastro.page">
<kw name="New Browser" owner="Browser">
<msg time="2026-08-20T18:35:04.241633" level="INFO">Switching browser to browser=165ae770-9729-4bd1-a493-355b880093d5</msg>
<msg time="2026-08-20T18:35:04.244273" level="INFO">Successfully changed active browser: browser=165ae770-9729-4bd1-a493-355b880093d5</msg>
<msg time="2026-08-20T18:35:04.244405" level="INFO">Reusing existing browser with id: browser=165ae770-9729-4bd1-a493-355b880093d5</msg>
<arg>browser=chromium</arg>
<arg>headless=False</arg>
<tag>BrowserControl</tag>
<tag>Setter</tag>
<doc>Create a new playwright Browser with specified options.</doc>
<status status="PASS" start="2026-08-20T18:35:04.241056" elapsed="0.003405"/>
</kw>
<kw name="New Page" owner="Browser">
<msg time="2026-08-20T18:35:05.979955" level="INFO">Successfully initialized new page object and opened url: http://localhost:3000</msg>
<msg time="2026-08-20T18:35:05.980036" level="INFO">No context was open. New context was automatically opened when this page is created.</msg>
<arg>http://localhost:3000</arg>
<tag>BrowserControl</tag>
<tag>Setter</tag>
<doc>Open a new Page.</doc>
<status status="PASS" start="2026-08-20T18:35:04.244629" elapsed="1.735543"/>
</kw>
<kw name="Go To" owner="Browser">
<msg time="2026-08-20T18:35:06.023334" level="INFO">Successfully opened URL http://localhost:3000/signup</msg>
<arg>http://localhost:3000/signup</arg>
<tag>BrowserControl</tag>
<tag>Setter</tag>
<doc>Navigates to the given ``url``.</doc>
<status status="PASS" start="2026-08-20T18:35:05.980358" elapsed="0.043133"/>
</kw>
<kw name="Wait For Elements State" owner="Browser">
<msg time="2026-08-20T18:35:06.050285" level="INFO">Waited for Element with selector css=h1 at state visible</msg>
<arg>css=h1</arg>
<arg>visible</arg>
<arg>5</arg>
<tag>PageContent</tag>
<tag>Wait</tag>
<doc>Waits for the element found by ``selector`` to satisfy state option.</doc>
<status status="PASS" start="2026-08-20T18:35:06.023704" elapsed="0.026743"/>
</kw>
<kw name="Get Text" owner="Browser">
<msg time="2026-08-20T18:35:06.073162" level="INFO">Text: ['Faça seu cadastro']</msg>
<arg>css=h1</arg>
<arg>equal</arg>
<arg>Faça seu cadastro</arg>
<tag>Assertion</tag>
<tag>Getter</tag>
<tag>PageContent</tag>
<doc>Returns text attribute of the element found by ``selector``.</doc>
<status status="PASS" start="2026-08-20T18:35:06.050645" elapsed="0.022619"/>
</kw>
<status status="PASS" start="2026-08-20T18:35:04.240582" elapsed="1.832786"/>
</kw>
<kw name="Quando preencho os campos com dados ja cadastrados" owner="cadastro.page">
<kw name="Fill Text" owner="Browser">
<msg time="2026-08-20T18:35:06.074501" level="INFO">Fills the text 'Robson Junior' in the given field.</msg>
<arg>id=name</arg>
<arg>${name}</arg>
<tag>PageContent</tag>
<tag>Setter</tag>
<doc>Clears and fills the given ``txt`` into the text field found by ``selector``.</doc>
<status status="PASS" start="2026-08-20T18:35:06.074048" elapsed="0.016483"/>
</kw>
<kw name="Fill Text" owner="Browser">
<msg time="2026-08-20T18:35:06.091410" level="INFO">Fills the text 'Jrobinho211@gmail.com' in the given field.</msg>
<arg>id=email</arg>
<arg>${email}</arg>
<tag>PageContent</tag>
<tag>Setter</tag>
<doc>Clears and fills the given ``txt`` into the text field found by ``selector``.</doc>
<status status="PASS" start="2026-08-20T18:35:06.090733" elapsed="0.017316"/>
</kw>
<kw name="Fill Text" owner="Browser">
<msg time="2026-08-20T18:35:06.109207" level="INFO">Fills the text 'pw1234' in the given field.</msg>
<arg>id=password</arg>
<arg>${password}</arg>
<tag>PageContent</tag>
<tag>Setter</tag>
<doc>Clears and fills the given ``txt`` into the text field found by ``selector``.</doc>
<status status="PASS" start="2026-08-20T18:35:06.108250" elapsed="0.014237"/>
</kw>
<status status="PASS" start="2026-08-20T18:35:06.073650" elapsed="0.048965"/>
</kw>
<kw name="E clico no botão de cadastro" owner="cadastro.page">
<kw name="Click" owner="Browser">
<msg time="2026-08-20T18:35:06.123730" level="INFO">Clicks the element 'id=buttonSignup'.</msg>
<arg>id=buttonSignup</arg>
<tag>PageContent</tag>
<tag>Setter</tag>
<doc>Simulates mouse click on the element found by ``selector``.</doc>
<status status="PASS" start="2026-08-20T18:35:06.123303" elapsed="0.035729"/>
</kw>
<status status="PASS" start="2026-08-20T18:35:06.122892" elapsed="0.036274"/>
</kw>
<kw name="Devo ver mensagem de erro" owner="cadastro.page">
<kw name="Wait For Elements State" owner="Browser">
<msg time="2026-08-20T18:35:06.255133" level="INFO">Waited for Element with selector css=.notice.error p at state visible</msg>
<arg>css=.notice.error p</arg>
<arg>visible</arg>
<arg>5</arg>
<tag>PageContent</tag>
<tag>Wait</tag>
<doc>Waits for the element found by ``selector`` to satisfy state option.</doc>
<status status="PASS" start="2026-08-20T18:35:06.160145" elapsed="0.095133"/>
</kw>
<kw name="Get Text" owner="Browser">
<msg time="2026-08-20T18:35:06.267394" level="INFO">Text: ['Oops! Já existe uma conta com o e-mail informado.']</msg>
<arg>css=.notice.error p</arg>
<arg>equal</arg>
<arg>Oops! Já existe uma conta com o e-mail informado.</arg>
<tag>Assertion</tag>
<tag>Getter</tag>
<tag>PageContent</tag>
<doc>Returns text attribute of the element found by ``selector``.</doc>
<status status="PASS" start="2026-08-20T18:35:06.255451" elapsed="0.012056"/>
</kw>
<status status="PASS" start="2026-08-20T18:35:06.159586" elapsed="0.108028"/>
</kw>
<msg time="2026-08-20T18:35:06.278376" level="INFO">Switching context to context=0cda08b5-a5b3-49f2-b00b-5d1441aa41dd in CURRENT</msg>
<msg time="2026-08-20T18:35:06.283403" level="INFO">Successfully changed active context: context=0cda08b5-a5b3-49f2-b00b-5d1441aa41dd</msg>
<msg time="2026-08-20T18:35:06.299610" level="INFO">Successfully closed Context</msg>
<tag>dup</tag>
<status status="PASS" start="2026-08-20T18:35:04.096920" elapsed="2.170947"/>
</test>
<test id="s1-t3" name="Cadastro com nome vazio" line="41">
<kw name="Remove user from database" owner="database">
<msg time="2026-08-20T18:35:06.375420" level="INFO">removing user byJrobinho211@gmail.com</msg>
<arg>${email}</arg>
<status status="PASS" start="2026-08-20T18:35:06.304695" elapsed="0.070810"/>
</kw>
<kw name="Dado que estou na página de cadastro" owner="cadastro.page">
<kw name="New Browser" owner="Browser">
<msg time="2026-08-20T18:35:06.377277" level="INFO">Switching browser to browser=165ae770-9729-4bd1-a493-355b880093d5</msg>
<msg time="2026-08-20T18:35:06.380157" level="INFO">Successfully changed active browser: browser=165ae770-9729-4bd1-a493-355b880093d5</msg>
<msg time="2026-08-20T18:35:06.380369" level="INFO">Reusing existing browser with id: browser=165ae770-9729-4bd1-a493-355b880093d5</msg>
<arg>browser=chromium</arg>
<arg>headless=False</arg>
<tag>BrowserControl</tag>
<tag>Setter</tag>
<doc>Create a new playwright Browser with specified options.</doc>
<status status="PASS" start="2026-08-20T18:35:06.376544" elapsed="0.003934"/>
</kw>
<kw name="New Page" owner="Browser">
<msg time="2026-08-20T18:35:08.163978" level="INFO">Successfully initialized new page object and opened url: http://localhost:3000</msg>
<msg time="2026-08-20T18:35:08.164051" level="INFO">No context was open. New context was automatically opened when this page is created.</msg>
<arg>http://localhost:3000</arg>
<tag>BrowserControl</tag>
<tag>Setter</tag>
<doc>Open a new Page.</doc>
<status status="PASS" start="2026-08-20T18:35:06.380845" elapsed="1.783329"/>
</kw>
<kw name="Go To" owner="Browser">
<msg time="2026-08-20T18:35:08.208362" level="INFO">Successfully opened URL http://localhost:3000/signup</msg>
<arg>http://localhost:3000/signup</arg>
<tag>BrowserControl</tag>
<tag>Setter</tag>
<doc>Navigates to the given ``url``.</doc>
<status status="PASS" start="2026-08-20T18:35:08.164356" elapsed="0.044179"/>
</kw>
<kw name="Wait For Elements State" owner="Browser">
<msg time="2026-08-20T18:35:08.233343" level="INFO">Waited for Element with selector css=h1 at state visible</msg>
<arg>css=h1</arg>
<arg>visible</arg>
<arg>5</arg>
<tag>PageContent</tag>
<tag>Wait</tag>
<doc>Waits for the element found by ``selector`` to satisfy state option.</doc>
<status status="PASS" start="2026-08-20T18:35:08.208726" elapsed="0.024784"/>
</kw>
<kw name="Get Text" owner="Browser">
<msg time="2026-08-20T18:35:08.256529" level="INFO">Text: ['Faça seu cadastro']</msg>
<arg>css=h1</arg>
<arg>equal</arg>
<arg>Faça seu cadastro</arg>
<tag>Assertion</tag>
<tag>Getter</tag>
<tag>PageContent</tag>
<doc>Returns text attribute of the element found by ``selector``.</doc>
<status status="PASS" start="2026-08-20T18:35:08.233706" elapsed="0.022950"/>
</kw>
<status status="PASS" start="2026-08-20T18:35:06.376074" elapsed="1.880682"/>
</kw>
<kw name="Quando preencho os campo de Cadastro com nome vazio" owner="cadastro.page">
<kw name="Fill Text" owner="Browser">
<msg time="2026-08-20T18:35:08.258414" level="INFO">Fills the text '' in the given field.</msg>
<arg>id=name</arg>
<arg>${Empty}</arg>
<tag>PageContent</tag>
<tag>Setter</tag>
<doc>Clears and fills the given ``txt`` into the text field found by ``selector``.</doc>
<status status="PASS" start="2026-08-20T18:35:08.257529" elapsed="0.017306"/>
</kw>
<kw name="Fill Text" owner="Browser">
<msg time="2026-08-20T18:35:08.276086" level="INFO">Fills the text 'Jrobinho211@gmail.com' in the given field.</msg>
<arg>id=email</arg>
<arg>${email}</arg>
<tag>PageContent</tag>
<tag>Setter</tag>
<doc>Clears and fills the given ``txt`` into the text field found by ``selector``.</doc>
<status status="PASS" start="2026-08-20T18:35:08.275105" elapsed="0.016211"/>
</kw>
<kw name="Fill Text" owner="Browser">
<msg time="2026-08-20T18:35:08.292442" level="INFO">Fills the text 'pw1234' in the given field.</msg>
<arg>id=password</arg>
<arg>${password}</arg>
<tag>PageContent</tag>
<tag>Setter</tag>
<doc>Clears and fills the given ``txt`` into the text field found by ``selector``.</doc>
<status status="PASS" start="2026-08-20T18:35:08.291559" elapsed="0.012318"/>
</kw>
<status status="PASS" start="2026-08-20T18:35:08.257051" elapsed="0.046947"/>
</kw>
<kw name="E clico no botão de cadastro" owner="cadastro.page">
<kw name="Click" owner="Browser">
<msg time="2026-08-20T18:35:08.307010" level="INFO">Clicks the element 'id=buttonSignup'.</msg>
<arg>id=buttonSignup</arg>
<tag>PageContent</tag>
<tag>Setter</tag>
<doc>Simulates mouse click on the element found by ``selector``.</doc>
<status status="PASS" start="2026-08-20T18:35:08.305984" elapsed="0.036947"/>
</kw>
<status status="PASS" start="2026-08-20T18:35:08.304488" elapsed="0.038629"/>
</kw>
<kw name="Devo ver uma mensagem de erro no campo nome" owner="cadastro.page">
<kw name="Wait For Elements State" owner="Browser">
<msg time="2026-08-20T18:35:08.350196" level="INFO">Waited for Element with selector css=.alert small at state visible</msg>
<arg>css=.alert small</arg>
<arg>visible</arg>
<arg>2</arg>
<tag>PageContent</tag>
<tag>Wait</tag>
<doc>Waits for the element found by ``selector`` to satisfy state option.</doc>
<status status="PASS" start="2026-08-20T18:35:08.343962" elapsed="0.006386"/>
</kw>
<kw name="Get Text" owner="Browser">
<msg time="2026-08-20T18:35:08.363808" level="INFO">Text: ['Informe seu nome completo']</msg>
<arg>css=.alert small</arg>
<arg>equal</arg>
<arg>Informe seu nome completo</arg>
<tag>Assertion</tag>
<tag>Getter</tag>
<tag>PageContent</tag>
<doc>Returns text attribute of the element found by ``selector``.</doc>
<status status="PASS" start="2026-08-20T18:35:08.350517" elapsed="0.013445"/>
</kw>
<status status="PASS" start="2026-08-20T18:35:08.343502" elapsed="0.020602"/>
</kw>
<msg time="2026-08-20T18:35:08.374467" level="INFO">Switching context to context=ff3cf012-64fb-4bd3-9371-f6bb265396e4 in CURRENT</msg>
<msg time="2026-08-20T18:35:08.378324" level="INFO">Successfully changed active context: context=ff3cf012-64fb-4bd3-9371-f6bb265396e4</msg>
<msg time="2026-08-20T18:35:08.393162" level="INFO">Successfully closed Context</msg>
<tag>signup-empty-name</tag>
<status status="PASS" start="2026-08-20T18:35:06.300515" elapsed="2.064025"/>
</test>
<test id="s1-t4" name="Cadastro com email vazio" line="54">
<kw name="Remove user from database" owner="database">
<msg time="2026-08-20T18:35:08.470616" level="INFO">removing user byJrobinho211@gmail.com</msg>
<arg>${email}</arg>
<status status="PASS" start="2026-08-20T18:35:08.400429" elapsed="0.070297"/>
</kw>
<kw name="Dado que estou na página de cadastro" owner="cadastro.page">
<kw name="New Browser" owner="Browser">
<msg time="2026-08-20T18:35:08.473227" level="INFO">Switching browser to browser=165ae770-9729-4bd1-a493-355b880093d5</msg>
<msg time="2026-08-20T18:35:08.476145" level="INFO">Successfully changed active browser: browser=165ae770-9729-4bd1-a493-355b880093d5</msg>
<msg time="2026-08-20T18:35:08.476283" level="INFO">Reusing existing browser with id: browser=165ae770-9729-4bd1-a493-355b880093d5</msg>
<arg>browser=chromium</arg>
<arg>headless=False</arg>
<tag>BrowserControl</tag>
<tag>Setter</tag>
<doc>Create a new playwright Browser with specified options.</doc>
<status status="PASS" start="2026-08-20T18:35:08.472089" elapsed="0.004255"/>
</kw>
<kw name="New Page" owner="Browser">
<msg time="2026-08-20T18:35:10.254626" level="INFO">Successfully initialized new page object and opened url: http://localhost:3000</msg>
<msg time="2026-08-20T18:35:10.254704" level="INFO">No context was open. New context was automatically opened when this page is created.</msg>
<arg>http://localhost:3000</arg>
<tag>BrowserControl</tag>
<tag>Setter</tag>
<doc>Open a new Page.</doc>
<status status="PASS" start="2026-08-20T18:35:08.476535" elapsed="1.778304"/>
</kw>
<kw name="Go To" owner="Browser">
<msg time="2026-08-20T18:35:10.296523" level="INFO">Successfully opened URL http://localhost:3000/signup</msg>
<arg>http://localhost:3000/signup</arg>
<tag>BrowserControl</tag>
<tag>Setter</tag>
<doc>Navigates to the given ``url``.</doc>
<status status="PASS" start="2026-08-20T18:35:10.255030" elapsed="0.041674"/>
</kw>
<kw name="Wait For Elements State" owner="Browser">
<msg time="2026-08-20T18:35:10.319994" level="INFO">Waited for Element with selector css=h1 at state visible</msg>
<arg>css=h1</arg>
<arg>visible</arg>
<arg>5</arg>
<tag>PageContent</tag>
<tag>Wait</tag>
<doc>Waits for the element found by ``selector`` to satisfy state option.</doc>
<status status="PASS" start="2026-08-20T18:35:10.296893" elapsed="0.023251"/>
</kw>
<kw name="Get Text" owner="Browser">
<msg time="2026-08-20T18:35:10.342899" level="INFO">Text: ['Faça seu cadastro']</msg>
<arg>css=h1</arg>
<arg>equal</arg>
<arg>Faça seu cadastro</arg>
<tag>Assertion</tag>
<tag>Getter</tag>
<tag>PageContent</tag>
<doc>Returns text attribute of the element found by ``selector``.</doc>
<status status="PASS" start="2026-08-20T18:35:10.320314" elapsed="0.022686"/>
</kw>
<status status="PASS" start="2026-08-20T18:35:08.471295" elapsed="1.871805"/>
</kw>
<kw name="Quando preencho o campo de Cadastro com email vazio" owner="cadastro.page">
<kw name="Fill Text" owner="Browser">
<msg time="2026-08-20T18:35:10.344260" level="INFO">Fills the text 'Robson Junior' in the given field.</msg>
<arg>id=name</arg>
<arg>${name}</arg>
<tag>PageContent</tag>
<tag>Setter</tag>
<doc>Clears and fills the given ``txt`` into the text field found by ``selector``.</doc>
<status status="PASS" start="2026-08-20T18:35:10.343805" elapsed="0.015797"/>
</kw>
<kw name="Fill Text" owner="Browser">
<msg time="2026-08-20T18:35:10.360945" level="INFO">Fills the text '' in the given field.</msg>
<arg>id=email</arg>
<arg>${Empty}</arg>
<tag>PageContent</tag>
<tag>Setter</tag>
<doc>Clears and fills the given ``txt`` into the text field found by ``selector``.</doc>
<status status="PASS" start="2026-08-20T18:35:10.359932" elapsed="0.017119"/>
</kw>
<kw name="Fill Text" owner="Browser">
<msg time="2026-08-20T18:35:10.377932" level="INFO">Fills the text 'pw1234' in the given field.</msg>
<arg>id=password</arg>
<arg>${password}</arg>
<tag>PageContent</tag>
<tag>Setter</tag>
<doc>Clears and fills the given ``txt`` into the text field found by ``selector``.</doc>
<status status="PASS" start="2026-08-20T18:35:10.377244" elapsed="0.011142"/>
</kw>
<status status="PASS" start="2026-08-20T18:35:10.343394" elapsed="0.045111"/>
</kw>
<kw name="E clico no botão de cadastro" owner="cadastro.page">
<kw name="Click" owner="Browser">
<msg time="2026-08-20T18:35:10.389769" level="INFO">Clicks the element 'id=buttonSignup'.</msg>
<arg>id=buttonSignup</arg>
<tag>PageContent</tag>
<tag>Setter</tag>
<doc>Simulates mouse click on the element found by ``selector``.</doc>
<status status="PASS" start="2026-08-20T18:35:10.389299" elapsed="0.038296"/>
</kw>
<status status="PASS" start="2026-08-20T18:35:10.388796" elapsed="0.038951"/>
</kw>
<kw name="Devo ver uma mensagem de erro no campo email" owner="cadastro.page">
<kw name="Wait For Elements State" owner="Browser">
<msg time="2026-08-20T18:35:10.435252" level="INFO">Waited for Element with selector css=.alert small at state visible</msg>
<arg>css=.alert small</arg>
<arg>visible</arg>
<arg>2</arg>
<tag>PageContent</tag>
<tag>Wait</tag>
<doc>Waits for the element found by ``selector`` to satisfy state option.</doc>
<status status="PASS" start="2026-08-20T18:35:10.428535" elapsed="0.006884"/>
</kw>
<kw name="Get Text" owner="Browser">
<msg time="2026-08-20T18:35:10.446994" level="INFO">Text: ['Informe seu e-email']</msg>
<arg>css=.alert small</arg>
<arg>equal</arg>
<arg>Informe seu e-email</arg>
<tag>Assertion</tag>
<tag>Getter</tag>
<tag>PageContent</tag>
<doc>Returns text attribute of the element found by ``selector``.</doc>
<status status="PASS" start="2026-08-20T18:35:10.435617" elapsed="0.011477"/>
</kw>
<status status="PASS" start="2026-08-20T18:35:10.428086" elapsed="0.019111"/>
</kw>
<msg time="2026-08-20T18:35:10.458251" level="INFO">Switching context to context=d74755f2-7798-4e1a-b571-cf07c50622fd in CURRENT</msg>
<msg time="2026-08-20T18:35:10.462575" level="INFO">Successfully changed active context: context=d74755f2-7798-4e1a-b571-cf07c50622fd</msg>
<msg time="2026-08-20T18:35:10.477396" level="INFO">Successfully closed Context</msg>
<tag>signup-empty-email</tag>
<status status="PASS" start="2026-08-20T18:35:08.394333" elapsed="2.053084"/>
</test>
<test id="s1-t5" name="Cadastro com senha vazia" line="67">
<kw name="Remove user from database" owner="database">
<msg time="2026-08-20T18:35:10.526349" level="INFO">removing user byJrobinho211@gmail.com</msg>
<arg>${email}</arg>
<status status="PASS" start="2026-08-20T18:35:10.484111" elapsed="0.042333"/>
</kw>
<kw name="Dado que estou na página de cadastro" owner="cadastro.page">
<kw name="New Browser" owner="Browser">
<msg time="2026-08-20T18:35:10.527995" level="INFO">Switching browser to browser=165ae770-9729-4bd1-a493-355b880093d5</msg>
<msg time="2026-08-20T18:35:10.530086" level="INFO">Successfully changed active browser: browser=165ae770-9729-4bd1-a493-355b880093d5</msg>
<msg time="2026-08-20T18:35:10.530221" level="INFO">Reusing existing browser with id: browser=165ae770-9729-4bd1-a493-355b880093d5</msg>
<arg>browser=chromium</arg>
<arg>headless=False</arg>
<tag>BrowserControl</tag>
<tag>Setter</tag>
<doc>Create a new playwright Browser with specified options.</doc>
<status status="PASS" start="2026-08-20T18:35:10.527410" elapsed="0.002870"/>
</kw>
<kw name="New Page" owner="Browser">
<msg time="2026-08-20T18:35:12.261264" level="INFO">Successfully initialized new page object and opened url: http://localhost:3000</msg>
<msg time="2026-08-20T18:35:12.261340" level="INFO">No context was open. New context was automatically opened when this page is created.</msg>
<arg>http://localhost:3000</arg>
<tag>BrowserControl</tag>
<tag>Setter</tag>
<doc>Open a new Page.</doc>
<status status="PASS" start="2026-08-20T18:35:10.530473" elapsed="1.731000"/>
</kw>
<kw name="Go To" owner="Browser">
<msg time="2026-08-20T18:35:12.302570" level="INFO">Successfully opened URL http://localhost:3000/signup</msg>
<arg>http://localhost:3000/signup</arg>
<tag>BrowserControl</tag>
<tag>Setter</tag>
<doc>Navigates to the given ``url``.</doc>
<status status="PASS" start="2026-08-20T18:35:12.261664" elapsed="0.041081"/>
</kw>
<kw name="Wait For Elements State" owner="Browser">
<msg time="2026-08-20T18:35:12.325860" level="INFO">Waited for Element with selector css=h1 at state visible</msg>
<arg>css=h1</arg>
<arg>visible</arg>
<arg>5</arg>
<tag>PageContent</tag>
<tag>Wait</tag>
<doc>Waits for the element found by ``selector`` to satisfy state option.</doc>
<status status="PASS" start="2026-08-20T18:35:12.302936" elapsed="0.023138"/>
</kw>
<kw name="Get Text" owner="Browser">
<msg time="2026-08-20T18:35:12.347317" level="INFO">Text: ['Faça seu cadastro']</msg>
<arg>css=h1</arg>
<arg>equal</arg>
<arg>Faça seu cadastro</arg>
<tag>Assertion</tag>
<tag>Getter</tag>
<tag>PageContent</tag>
<doc>Returns text attribute of the element found by ``selector``.</doc>
<status status="PASS" start="2026-08-20T18:35:12.326304" elapsed="0.021118"/>
</kw>
<status status="PASS" start="2026-08-20T18:35:10.526905" elapsed="1.820619"/>
</kw>
<kw name="Quando preencho o campo de Cadastro com senha vazia" owner="cadastro.page">
<kw name="Fill Text" owner="Browser">
<msg time="2026-08-20T18:35:12.348801" level="INFO">Fills the text 'Robson Junior' in the given field.</msg>
<arg>id=name</arg>
<arg>${name}</arg>
<tag>PageContent</tag>
<tag>Setter</tag>
<doc>Clears and fills the given ``txt`` into the text field found by ``selector``.</doc>
<status status="PASS" start="2026-08-20T18:35:12.348318" elapsed="0.015982"/>
</kw>
<kw name="Fill Text" owner="Browser">
<msg time="2026-08-20T18:35:12.365289" level="INFO">Fills the text 'Jrobinho211@gmail.com' in the given field.</msg>
<arg>id=email</arg>
<arg>${email}</arg>
<tag>PageContent</tag>
<tag>Setter</tag>
<doc>Clears and fills the given ``txt`` into the text field found by ``selector``.</doc>
<status status="PASS" start="2026-08-20T18:35:12.364541" elapsed="0.016629"/>
</kw>
<kw name="Fill Text" owner="Browser">
<msg time="2026-08-20T18:35:12.382438" level="INFO">Fills the text '' in the given field.</msg>
<arg>id=password</arg>
<arg>${Empty}</arg>
<tag>PageContent</tag>
<tag>Setter</tag>
<doc>Clears and fills the given ``txt`` into the text field found by ``selector``.</doc>
<status status="PASS" start="2026-08-20T18:35:12.381431" elapsed="0.015893"/>
</kw>
<status status="PASS" start="2026-08-20T18:35:12.347841" elapsed="0.049604"/>
</kw>
<kw name="E clico no botão de cadastro" owner="cadastro.page">
<kw name="Click" owner="Browser">
<msg time="2026-08-20T18:35:12.398556" level="INFO">Clicks the element 'id=buttonSignup'.</msg>
<arg>id=buttonSignup</arg>
<tag>PageContent</tag>
<tag>Setter</tag>
<doc>Simulates mouse click on the element found by ``selector``.</doc>
<status status="PASS" start="2026-08-20T18:35:12.398129" elapsed="0.040192"/>
</kw>
<status status="PASS" start="2026-08-20T18:35:12.397715" elapsed="0.040744"/>
</kw>
<kw name="Devo ver uma mensagem de erro no campo senha" owner="cadastro.page">
<kw name="Wait For Elements State" owner="Browser">
<msg time="2026-08-20T18:35:12.445869" level="INFO">Waited for Element with selector css=.alert small at state visible</msg>
<arg>css=.alert small</arg>
<arg>visible</arg>
<arg>2</arg>
<tag>PageContent</tag>
<tag>Wait</tag>
<doc>Waits for the element found by ``selector`` to satisfy state option.</doc>
<status status="PASS" start="2026-08-20T18:35:12.439578" elapsed="0.006452"/>
</kw>
<kw name="Get Text" owner="Browser">
<msg time="2026-08-20T18:35:12.459283" level="INFO">Text: ['Informe uma senha com pelo menos 6 digitos']</msg>
<arg>css=.alert small.alert-error</arg>
<arg>equal</arg>
<arg>Informe uma senha com pelo menos 6 digitos</arg>
<tag>Assertion</tag>
<tag>Getter</tag>
<tag>PageContent</tag>
<doc>Returns text attribute of the element found by ``selector``.</doc>
<status status="PASS" start="2026-08-20T18:35:12.446216" elapsed="0.013195"/>
</kw>
<status status="PASS" start="2026-08-20T18:35:12.438936" elapsed="0.020615"/>
</kw>
<msg time="2026-08-20T18:35:12.470197" level="INFO">Switching context to context=d4eabe6e-e999-45e2-bab5-daf76023d717 in CURRENT</msg>
<msg time="2026-08-20T18:35:12.475580" level="INFO">Successfully changed active context: context=d4eabe6e-e999-45e2-bab5-daf76023d717</msg>
<msg time="2026-08-20T18:35:12.489432" level="INFO">Successfully closed Context</msg>
<tag>signup-empty-password</tag>
<status status="PASS" start="2026-08-20T18:35:10.478349" elapsed="1.981631"/>
</test>
<test id="s1-t6" name="Cadastro com campos vazios" line="80">
<kw name="Remove user from database" owner="database">
<msg time="2026-08-20T18:35:12.536341" level="INFO">removing user byJrobinho211@gmail.com</msg>
<arg>${email}</arg>
<status status="PASS" start="2026-08-20T18:35:12.495032" elapsed="0.041390"/>
</kw>
<kw name="Dado que estou na página de cadastro" owner="cadastro.page">
<kw name="New Browser" owner="Browser">
<msg time="2026-08-20T18:35:12.537749" level="INFO">Switching browser to browser=165ae770-9729-4bd1-a493-355b880093d5</msg>
<msg time="2026-08-20T18:35:12.539247" level="INFO">Successfully changed active browser: browser=165ae770-9729-4bd1-a493-355b880093d5</msg>
<msg time="2026-08-20T18:35:12.539365" level="INFO">Reusing existing browser with id: browser=165ae770-9729-4bd1-a493-355b880093d5</msg>
<arg>browser=chromium</arg>
<arg>headless=False</arg>
<tag>BrowserControl</tag>
<tag>Setter</tag>
<doc>Create a new playwright Browser with specified options.</doc>
<status status="PASS" start="2026-08-20T18:35:12.537258" elapsed="0.002161"/>
</kw>
<kw name="New Page" owner="Browser">
<msg time="2026-08-20T18:35:14.275926" level="INFO">Successfully initialized new page object and opened url: http://localhost:3000</msg>
<msg time="2026-08-20T18:35:14.275997" level="INFO">No context was open. New context was automatically opened when this page is created.</msg>
<arg>http://localhost:3000</arg>
<tag>BrowserControl</tag>
<tag>Setter</tag>
<doc>Open a new Page.</doc>
<status status="PASS" start="2026-08-20T18:35:12.539589" elapsed="1.736536"/>
</kw>
<kw name="Go To" owner="Browser">
<msg time="2026-08-20T18:35:14.318242" level="INFO">Successfully opened URL http://localhost:3000/signup</msg>
<arg>http://localhost:3000/signup</arg>
<tag>BrowserControl</tag>
<tag>Setter</tag>
<doc>Navigates to the given ``url``.</doc>
<status status="PASS" start="2026-08-20T18:35:14.276289" elapsed="0.042116"/>
</kw>
<kw name="Wait For Elements State" owner="Browser">
<msg time="2026-08-20T18:35:14.341211" level="INFO">Waited for Element with selector css=h1 at state visible</msg>
<arg>css=h1</arg>
<arg>visible</arg>
<arg>5</arg>
<tag>PageContent</tag>
<tag>Wait</tag>
<doc>Waits for the element found by ``selector`` to satisfy state option.</doc>
<status status="PASS" start="2026-08-20T18:35:14.318597" elapsed="0.022793"/>
</kw>
<kw name="Get Text" owner="Browser">
<msg time="2026-08-20T18:35:14.362901" level="INFO">Text: ['Faça seu cadastro']</msg>
<arg>css=h1</arg>
<arg>equal</arg>
<arg>Faça seu cadastro</arg>
<tag>Assertion</tag>
<tag>Getter</tag>
<tag>PageContent</tag>
<doc>Returns text attribute of the element found by ``selector``.</doc>
<status status="PASS" start="2026-08-20T18:35:14.341558" elapsed="0.021452"/>
</kw>
<status status="PASS" start="2026-08-20T18:35:12.536825" elapsed="1.826288"/>
</kw>
<kw name="Quando preencho o campo de cadastro com todos os campos vazios" owner="cadastro.page">
<kw name="Fill Text" owner="Browser">
<msg time="2026-08-20T18:35:14.364457" level="INFO">Fills the text '' in the given field.</msg>
<arg>id=name</arg>
<arg>${Empty}</arg>
<tag>PageContent</tag>
<tag>Setter</tag>
<doc>Clears and fills the given ``txt`` into the text field found by ``selector``.</doc>
<status status="PASS" start="2026-08-20T18:35:14.363806" elapsed="0.014808"/>
</kw>
<kw name="Fill Text" owner="Browser">
<msg time="2026-08-20T18:35:14.381102" level="INFO">Fills the text '' in the given field.</msg>
<arg>id=email</arg>
<arg>${Empty}</arg>
<tag>PageContent</tag>
<tag>Setter</tag>
<doc>Clears and fills the given ``txt`` into the text field found by ``selector``.</doc>
<status status="PASS" start="2026-08-20T18:35:14.379464" elapsed="0.013288"/>
</kw>
<kw name="Fill Text" owner="Browser">
<msg time="2026-08-20T18:35:14.393919" level="INFO">Fills the text '' in the given field.</msg>
<arg>id=password</arg>
<arg>${Empty}</arg>
<tag>PageContent</tag>
<tag>Setter</tag>
<doc>Clears and fills the given ``txt`` into the text field found by ``selector``.</doc>
<status status="PASS" start="2026-08-20T18:35:14.392937" elapsed="0.012826"/>
</kw>
<status status="PASS" start="2026-08-20T18:35:14.363400" elapsed="0.042497"/>
</kw>
<kw name="E clico no botão de cadastro" owner="cadastro.page">
<kw name="Click" owner="Browser">
<msg time="2026-08-20T18:35:14.407005" level="INFO">Clicks the element 'id=buttonSignup'.</msg>
<arg>id=buttonSignup</arg>
<tag>PageContent</tag>
<tag>Setter</tag>
<doc>Simulates mouse click on the element found by ``selector``.</doc>
<status status="PASS" start="2026-08-20T18:35:14.406583" elapsed="0.034217"/>
</kw>
<status status="PASS" start="2026-08-20T18:35:14.406173" elapsed="0.034748"/>
</kw>
<kw name="Devo ver as mensagens de erro de campos vazios" owner="cadastro.page">
<kw name="Wait For Elements State" owner="Browser">
<msg time="2026-08-20T18:35:14.448938" level="INFO">Waited for Element with selector css=.form-input:nth-child(3) .alert-error at state visible</msg>
<arg>css=.form-input:nth-child(3) .alert-error</arg>
<arg>visible</arg>
<arg>2</arg>
<tag>PageContent</tag>
<tag>Wait</tag>
<doc>Waits for the element found by ``selector`` to satisfy state option.</doc>
<status status="PASS" start="2026-08-20T18:35:14.441663" elapsed="0.007459"/>
</kw>
<kw name="Get Text" owner="Browser">
<msg time="2026-08-20T18:35:14.460317" level="INFO">Text: ['Informe seu nome completo']</msg>
<arg>css=.form-input:nth-child(3) .alert-error</arg>
<arg>equal</arg>
<arg>Informe seu nome completo</arg>
<tag>Assertion</tag>
<tag>Getter</tag>
<tag>PageContent</tag>
<doc>Returns text attribute of the element found by ``selector``.</doc>
<status status="PASS" start="2026-08-20T18:35:14.449319" elapsed="0.011111"/>
</kw>
<kw name="Wait For Elements State" owner="Browser">
<msg time="2026-08-20T18:35:14.466590" level="INFO">Waited for Element with selector css= .form-input:nth-child(4) .alert-error at state visible</msg>
<arg>css= .form-input:nth-child(4) .alert-error</arg>
<arg>visible</arg>
<arg>2</arg>
<tag>PageContent</tag>
<tag>Wait</tag>
<doc>Waits for the element found by ``selector`` to satisfy state option.</doc>
<status status="PASS" start="2026-08-20T18:35:14.460664" elapsed="0.006081"/>
</kw>
<kw name="Get Text" owner="Browser">
<msg time="2026-08-20T18:35:14.476362" level="INFO">Text: ['Informe seu e-email']</msg>
<arg>css=.form-input:nth-child(4) .alert-error</arg>
<arg>equal</arg>
<arg>Informe seu e-email</arg>
<tag>Assertion</tag>
<tag>Getter</tag>
<tag>PageContent</tag>
<doc>Returns text attribute of the element found by ``selector``.</doc>
<status status="PASS" start="2026-08-20T18:35:14.466907" elapsed="0.009555"/>
</kw>
<kw name="Wait For Elements State" owner="Browser">
<msg time="2026-08-20T18:35:14.482603" level="INFO">Waited for Element with selector css= .form-input:nth-child(5) .alert-error at state visible</msg>
<arg>css= .form-input:nth-child(5) .alert-error</arg>
<arg>visible</arg>
<arg>2</arg>
<tag>PageContent</tag>
<tag>Wait</tag>
<doc>Waits for the element found by ``selector`` to satisfy state option.</doc>
<status status="PASS" start="2026-08-20T18:35:14.476631" elapsed="0.006130"/>
</kw>
<kw name="Get Text" owner="Browser">
<msg time="2026-08-20T18:35:14.493828" level="INFO">Text: ['Informe uma senha com pelo menos 6 digitos']</msg>
<arg>css= .form-input:nth-child(5) .alert-error</arg>
<arg>equal</arg>
<arg>Informe uma senha com pelo menos 6 digitos</arg>
<tag>Assertion</tag>
<tag>Getter</tag>
<tag>PageContent</tag>
<doc>Returns text attribute of the element found by ``selector``.</doc>
<status status="PASS" start="2026-08-20T18:35:14.482927" elapsed="0.011038"/>
</kw>
<status status="PASS" start="2026-08-20T18:35:14.441216" elapsed="0.052897"/>
</kw>
<msg time="2026-08-20T18:35:14.504201" level="INFO">Switching context to context=da13f797-eaa9-4a8f-889a-58d77ab3d761 in CURRENT</msg>
<msg time="2026-08-20T18:35:14.508736" level="INFO">Successfully changed active context: context=da13f797-eaa9-4a8f-889a-58d77ab3d761</msg>
<msg time="2026-08-20T18:35:14.525624" level="INFO">Successfully closed Context</msg>
<tag>signup-empty-fields</tag>
<status status="PASS" start="2026-08-20T18:35:12.490453" elapsed="2.004025"/>
</test>
<test id="s1-t7" name="Cadastro com senha menor que 6 digitos" line="93">
<kw name="Remove user from database" owner="database">
<msg time="2026-08-20T18:35:14.572230" level="INFO">removing user byJrobinho211@gmail.com</msg>
<arg>${email}</arg>
<status status="PASS" start="2026-08-20T18:35:14.531661" elapsed="0.040651"/>
</kw>
<kw name="Dado que estou na página de cadastro" owner="cadastro.page">
<kw name="New Browser" owner="Browser">
<msg time="2026-08-20T18:35:14.573575" level="INFO">Switching browser to browser=165ae770-9729-4bd1-a493-355b880093d5</msg>
<msg time="2026-08-20T18:35:14.575469" level="INFO">Successfully changed active browser: browser=165ae770-9729-4bd1-a493-355b880093d5</msg>
<msg time="2026-08-20T18:35:14.575600" level="INFO">Reusing existing browser with id: browser=165ae770-9729-4bd1-a493-355b880093d5</msg>
<arg>browser=chromium</arg>
<arg>headless=False</arg>
<tag>BrowserControl</tag>
<tag>Setter</tag>
<doc>Create a new playwright Browser with specified options.</doc>
<status status="PASS" start="2026-08-20T18:35:14.573082" elapsed="0.002576"/>
</kw>
<kw name="New Page" owner="Browser">
<msg time="2026-08-20T18:35:16.315082" level="INFO">Successfully initialized new page object and opened url: http://localhost:3000</msg>
<msg time="2026-08-20T18:35:16.315168" level="INFO">No context was open. New context was automatically opened when this page is created.</msg>
<arg>http://localhost:3000</arg>
<tag>BrowserControl</tag>
<tag>Setter</tag>
<doc>Open a new Page.</doc>
<status status="PASS" start="2026-08-20T18:35:14.575827" elapsed="1.739488"/>
</kw>
<kw name="Go To" owner="Browser">
<msg time="2026-08-20T18:35:16.358962" level="INFO">Successfully opened URL http://localhost:3000/signup</msg>
<arg>http://localhost:3000/signup</arg>
<tag>BrowserControl</tag>
<tag>Setter</tag>
<doc>Navigates to the given ``url``.</doc>
<status status="PASS" start="2026-08-20T18:35:16.315514" elapsed="0.043613"/>
</kw>
<kw name="Wait For Elements State" owner="Browser">
<msg time="2026-08-20T18:35:16.383212" level="INFO">Waited for Element with selector css=h1 at state visible</msg>
<arg>css=h1</arg>
<arg>visible</arg>
<arg>5</arg>
<tag>PageContent</tag>
<tag>Wait</tag>
<doc>Waits for the element found by ``selector`` to satisfy state option.</doc>
<status status="PASS" start="2026-08-20T18:35:16.359313" elapsed="0.024056"/>
</kw>
<kw name="Get Text" owner="Browser">
<msg time="2026-08-20T18:35:16.405037" level="INFO">Text: ['Faça seu cadastro']</msg>
<arg>css=h1</arg>
<arg>equal</arg>
<arg>Faça seu cadastro</arg>
<tag>Assertion</tag>
<tag>Getter</tag>
<tag>PageContent</tag>
<doc>Returns text attribute of the element found by ``selector``.</doc>
<status status="PASS" start="2026-08-20T18:35:16.383540" elapsed="0.021634"/>
</kw>
<status status="PASS" start="2026-08-20T18:35:14.572641" elapsed="1.832655"/>
</kw>
<kw name="Quando preencho o campo senha com 5 digitos" owner="cadastro.page">
<kw name="Fill Text" owner="Browser">
<msg time="2026-08-20T18:35:16.407218" level="INFO">Fills the text 'Robson Junior' in the given field.</msg>
<arg>id=name</arg>
<arg>${name}</arg>
<tag>PageContent</tag>
<tag>Setter</tag>
<doc>Clears and fills the given ``txt`` into the text field found by ``selector``.</doc>
<status status="PASS" start="2026-08-20T18:35:16.406489" elapsed="0.014039"/>
</kw>
<kw name="Fill Text" owner="Browser">
<msg time="2026-08-20T18:35:16.422030" level="INFO">Fills the text 'Jrobinho211@gmail.com' in the given field.</msg>
<arg>id=email</arg>
<arg>${email}</arg>
<tag>PageContent</tag>
<tag>Setter</tag>
<doc>Clears and fills the given ``txt`` into the text field found by ``selector``.</doc>
<status status="PASS" start="2026-08-20T18:35:16.421195" elapsed="0.015292"/>
</kw>
<kw name="Fill Text" owner="Browser">
<msg time="2026-08-20T18:35:16.437352" level="INFO">Fills the text '12345' in the given field.</msg>
<arg>id=password</arg>
<arg>${password2}</arg>
<tag>PageContent</tag>
<tag>Setter</tag>
<doc>Clears and fills the given ``txt`` into the text field found by ``selector``.</doc>
<status status="PASS" start="2026-08-20T18:35:16.436684" elapsed="0.013639"/>
</kw>
<status status="PASS" start="2026-08-20T18:35:16.405885" elapsed="0.044557"/>
</kw>
<kw name="E clico no botão de cadastro" owner="cadastro.page">
<kw name="Click" owner="Browser">
<msg time="2026-08-20T18:35:16.451806" level="INFO">Clicks the element 'id=buttonSignup'.</msg>
<arg>id=buttonSignup</arg>
<tag>PageContent</tag>
<tag>Setter</tag>
<doc>Simulates mouse click on the element found by ``selector``.</doc>
<status status="PASS" start="2026-08-20T18:35:16.451305" elapsed="0.040695"/>
</kw>
<status status="PASS" start="2026-08-20T18:35:16.450783" elapsed="0.041352"/>
</kw>
<kw name="Devo ver uma mensagem de erro pedindo para informar mais de 6 digitos" owner="cadastro.page">
<kw name="Wait For Elements State" owner="Browser">
<msg time="2026-08-20T18:35:16.499654" level="INFO">Waited for Element with selector css=.alert small at state visible</msg>
<arg>css=.alert small</arg>
<arg>visible</arg>
<arg>2</arg>
<tag>PageContent</tag>
<tag>Wait</tag>
<doc>Waits for the element found by ``selector`` to satisfy state option.</doc>
<status status="PASS" start="2026-08-20T18:35:16.493066" elapsed="0.006742"/>
</kw>
<kw name="Get Text" owner="Browser">
<msg time="2026-08-20T18:35:16.512113" level="INFO">Text: ['Informe uma senha com pelo menos 6 digitos']</msg>
<arg>css=.alert small.alert-error</arg>
<arg>equal</arg>
<arg>Informe uma senha com pelo menos 6 digitos</arg>
<tag>Assertion</tag>
<tag>Getter</tag>
<tag>PageContent</tag>
<doc>Returns text attribute of the element found by ``selector``.</doc>
<status status="PASS" start="2026-08-20T18:35:16.499976" elapsed="0.012238"/>
</kw>
<status status="PASS" start="2026-08-20T18:35:16.492437" elapsed="0.019876"/>
</kw>
<msg time="2026-08-20T18:35:16.522871" level="INFO">Switching context to context=c4858219-defb-43c1-9dd8-d57074d817e1 in CURRENT</msg>
<msg time="2026-08-20T18:35:16.527642" level="INFO">Successfully changed active context: context=c4858219-defb-43c1-9dd8-d57074d817e1</msg>
<msg time="2026-08-20T18:35:16.542443" level="INFO">Successfully closed Context</msg>
<tag>singup-password-five</tag>
<status status="PASS" start="2026-08-20T18:35:14.526636" elapsed="1.985910"/>
</test>
<doc>Online</doc>
<status status="PASS" start="2026-08-20T18:34:58.661570" elapsed="17.882500"/>
</suite>
<statistics>
<total>
<stat pass="7" fail="0" skip="0">All Tests</stat>
</total>
<tag>
<stat pass="1" fail="0" skip="0">dup</stat>
<stat pass="1" fail="0" skip="0">signup-empty-email</stat>
<stat pass="1" fail="0" skip="0">signup-empty-fields</stat>
<stat pass="1" fail="0" skip="0">signup-empty-name</stat>
<stat pass="1" fail="0" skip="0">signup-empty-password</stat>
<stat pass="1" fail="0" skip="0">signup-success</stat>
<stat pass="1" fail="0" skip="0">singup-password-five</stat>
</tag>
<suite>
<stat name="Signup" id="s1" pass="7" fail="0" skip="0">Signup</stat>
</suite>
</statistics>
<errors>
</errors>
</robot>
